<?xml version="1.0" encoding="utf-8"?>
<CoverageSession>
  <Summary numSequencePoints="1407" visitedSequencePoints="1059" numBranchPoints="509" visitedBranchPoints="338" sequenceCoverage="75.26" branchCoverage="66.4" maxCyclomaticComplexity="620" minCyclomaticComplexity="620" visitedClasses="28" numClasses="40" visitedMethods="161" numMethods="201" />
  <Modules>
    <Module hash="F50A133C-CC7D-4F5F-8F3F-F76EC92570FE">
      <ModulePath>Nzr.Orm.Core.dll</ModulePath>
      <ModuleTime>2019-11-13T03:45:50</ModuleTime>
      <ModuleName>Nzr.Orm.Core</ModuleName>
      <Files>
        <File uid="1" fullPath="C:\workspace\personal\Nzr.Orm\dotnet\Nzr.Orm.Core\Dao.Aggregate.cs" />
        <File uid="2" fullPath="C:\workspace\personal\Nzr.Orm\dotnet\Nzr.Orm.Core\Dao.cs" />
        <File uid="3" fullPath="C:\workspace\personal\Nzr.Orm\dotnet\Nzr.Orm.Core\Dao.Delete.cs" />
        <File uid="4" fullPath="C:\workspace\personal\Nzr.Orm\dotnet\Nzr.Orm.Core\Dao.Exception.cs" />
        <File uid="5" fullPath="C:\workspace\personal\Nzr.Orm\dotnet\Nzr.Orm.Core\Dao.Insert.cs" />
        <File uid="6" fullPath="C:\workspace\personal\Nzr.Orm\dotnet\Nzr.Orm.Core\Dao.Logger.cs" />
        <File uid="7" fullPath="C:\workspace\personal\Nzr.Orm\dotnet\Nzr.Orm.Core\Dao.Schema.cs" />
        <File uid="8" fullPath="C:\workspace\personal\Nzr.Orm\dotnet\Nzr.Orm.Core\Dao.Select.cs" />
        <File uid="9" fullPath="C:\workspace\personal\Nzr.Orm\dotnet\Nzr.Orm.Core\Dao.Update.cs" />
        <File uid="10" fullPath="C:\workspace\personal\Nzr.Orm\dotnet\Nzr.Orm.Core\DebuggerLogger.cs" />
        <File uid="11" fullPath="C:\workspace\personal\Nzr.Orm\dotnet\Nzr.Orm.Core\Options.cs" />
        <File uid="12" fullPath="C:\workspace\personal\Nzr.Orm\dotnet\Nzr.Orm.Core\OrmException.cs" />
        <File uid="13" fullPath="C:\workspace\personal\Nzr.Orm\dotnet\Nzr.Orm.Core\Sql\Aggregate.cs" />
        <File uid="14" fullPath="C:\workspace\personal\Nzr.Orm\dotnet\Nzr.Orm.Core\Sql\Builders.cs" />
        <File uid="15" fullPath="C:\workspace\personal\Nzr.Orm\dotnet\Nzr.Orm.Core\Sql\OrderBy.cs" />
        <File uid="16" fullPath="C:\workspace\personal\Nzr.Orm\dotnet\Nzr.Orm.Core\Sql\Parameters.cs" />
        <File uid="17" fullPath="C:\workspace\personal\Nzr.Orm\dotnet\Nzr.Orm.Core\Sql\Set.cs" />
        <File uid="18" fullPath="C:\workspace\personal\Nzr.Orm\dotnet\Nzr.Orm.Core\Sql\Where.cs" />
        <File uid="19" fullPath="C:\workspace\personal\Nzr.Orm\dotnet\Nzr.Orm.Core\Extensions\CollectionsExtensions.cs" />
        <File uid="20" fullPath="C:\workspace\personal\Nzr.Orm\dotnet\Nzr.Orm.Core\Extensions\StringExtensions.cs" />
        <File uid="21" fullPath="C:\workspace\personal\Nzr.Orm\dotnet\Nzr.Orm.Core\Extensions\TypeExtensions.cs" />
        <File uid="22" fullPath="C:\workspace\personal\Nzr.Orm\dotnet\Nzr.Orm.Core\Connection\DefaultConnectionManager.cs" />
        <File uid="23" fullPath="C:\workspace\personal\Nzr.Orm\dotnet\Nzr.Orm.Core\Attributes\BaseAttribute.cs" />
        <File uid="24" fullPath="C:\workspace\personal\Nzr.Orm\dotnet\Nzr.Orm.Core\Attributes\ColumnAttribute.cs" />
        <File uid="25" fullPath="C:\workspace\personal\Nzr.Orm\dotnet\Nzr.Orm.Core\Attributes\ForeignKeyAttribute.cs" />
        <File uid="26" fullPath="C:\workspace\personal\Nzr.Orm\dotnet\Nzr.Orm.Core\Attributes\KeyAttribute.cs" />
        <File uid="27" fullPath="C:\workspace\personal\Nzr.Orm\dotnet\Nzr.Orm.Core\Attributes\TableAttribute.cs" />
      </Files>
      <Classes>
        <Class>
          <Summary numSequencePoints="18" visitedSequencePoints="18" numBranchPoints="8" visitedBranchPoints="8" sequenceCoverage="100" branchCoverage="100" maxCyclomaticComplexity="6" minCyclomaticComplexity="2" visitedClasses="1" numClasses="1" visitedMethods="2" numMethods="2" />
          <FullName>Nzr.Orm.Core.Dao</FullName>
          <Methods>
            <Method cyclomaticComplexity="2" nPathComplexity="0" sequenceCoverage="100" branchCoverage="100" isConstructor="False" isGetter="False" isSetter="False" isStatic="True">
              <Summary numSequencePoints="8" visitedSequencePoints="8" numBranchPoints="2" visitedBranchPoints="2" sequenceCoverage="100" branchCoverage="100" maxCyclomaticComplexity="2" minCyclomaticComplexity="2" visitedClasses="0" numClasses="0" visitedMethods="1" numMethods="1" />
              <MetadataToken />
              <Name>U Nzr.Orm.Core.Dao::DoAggregate(Nzr.Orm.Core.Sql.Aggregate,Nzr.Orm.Core.Sql.Where)</Name>
              <FileRef uid="1" />
              <SequencePoints>
                <SequencePoint vc="19" uspid="16" ordinal="0" sl="16" sc="1" el="16" ec="2" bec="0" bev="0" fileid="1" />
                <SequencePoint vc="33" uspid="17" ordinal="1" sl="17" sc="1" el="17" ec="2" bec="0" bev="0" fileid="1" />
                <SequencePoint vc="19" uspid="19" ordinal="2" sl="19" sc="1" el="19" ec="2" bec="0" bev="0" fileid="1" />
                <SequencePoint vc="19" uspid="20" ordinal="3" sl="20" sc="1" el="20" ec="2" bec="0" bev="0" fileid="1" />
                <SequencePoint vc="19" uspid="21" ordinal="4" sl="21" sc="1" el="21" ec="2" bec="0" bev="0" fileid="1" />
                <SequencePoint vc="19" uspid="22" ordinal="5" sl="22" sc="1" el="22" ec="2" bec="0" bev="0" fileid="1" />
                <SequencePoint vc="19" uspid="24" ordinal="6" sl="24" sc="1" el="24" ec="2" bec="0" bev="0" fileid="1" />
                <SequencePoint vc="19" uspid="25" ordinal="7" sl="25" sc="1" el="25" ec="2" bec="0" bev="0" fileid="1" />
              </SequencePoints>
              <BranchPoints>
                <BranchPoint vc="3" uspid="17" ordinal="0" path="0" offset="8" offsetend="10" sl="17" fileid="1" />
                <BranchPoint vc="19" uspid="17" ordinal="1" path="1" offset="8" offsetend="33" sl="17" fileid="1" />
              </BranchPoints>
              <MethodPoint vc="8" uspid="0" p8:type="SequencePoint" ordinal="0" offset="0" sc="0" sl="16" ec="1" el="25" bec="0" bev="0" fileid="1" xmlns:p8="xsi" />
            </Method>
            <Method cyclomaticComplexity="6" nPathComplexity="0" sequenceCoverage="100" branchCoverage="100" isConstructor="False" isGetter="False" isSetter="False" isStatic="True">
              <Summary numSequencePoints="10" visitedSequencePoints="10" numBranchPoints="6" visitedBranchPoints="6" sequenceCoverage="100" branchCoverage="100" maxCyclomaticComplexity="6" minCyclomaticComplexity="6" visitedClasses="0" numClasses="0" visitedMethods="1" numMethods="1" />
              <MetadataToken />
              <Name>System.String Nzr.Orm.Core.Dao::BuildAggregateSql(System.Type,Nzr.Orm.Core.Sql.Aggregate,Nzr.Orm.Core.Sql.Where,System.Boolean)</Name>
              <FileRef uid="1" />
              <SequencePoints>
                <SequencePoint vc="19" uspid="32" ordinal="0" sl="32" sc="1" el="32" ec="2" bec="0" bev="0" fileid="1" />
                <SequencePoint vc="19" uspid="33" ordinal="1" sl="33" sc="1" el="33" ec="2" bec="0" bev="0" fileid="1" />
                <SequencePoint vc="19" uspid="34" ordinal="2" sl="34" sc="1" el="34" ec="2" bec="0" bev="0" fileid="1" />
                <SequencePoint vc="19" uspid="36" ordinal="3" sl="36" sc="1" el="36" ec="2" bec="0" bev="0" fileid="1" />
                <SequencePoint vc="19" uspid="37" ordinal="4" sl="37" sc="1" el="37" ec="2" bec="0" bev="0" fileid="1" />
                <SequencePoint vc="19" uspid="39" ordinal="5" sl="39" sc="1" el="39" ec="2" bec="0" bev="0" fileid="1" />
                <SequencePoint vc="19" uspid="40" ordinal="6" sl="40" sc="1" el="40" ec="2" bec="0" bev="0" fileid="1" />
                <SequencePoint vc="19" uspid="41" ordinal="7" sl="41" sc="1" el="41" ec="2" bec="0" bev="0" fileid="1" />
                <SequencePoint vc="19" uspid="43" ordinal="8" sl="43" sc="1" el="43" ec="2" bec="0" bev="0" fileid="1" />
                <SequencePoint vc="19" uspid="44" ordinal="9" sl="44" sc="1" el="44" ec="2" bec="0" bev="0" fileid="1" />
              </SequencePoints>
              <BranchPoints>
                <BranchPoint vc="17" uspid="34" ordinal="0" path="0" offset="12" offsetend="14" sl="34" fileid="1" />
                <BranchPoint vc="2" uspid="34" ordinal="1" path="1" offset="12" offsetend="21" sl="34" fileid="1" />
                <BranchPoint vc="17" uspid="36" ordinal="2" path="0" offset="29" offsetend="31" sl="36" fileid="1" />
                <BranchPoint vc="2" uspid="36" ordinal="3" path="1" offset="29" offsetend="42" sl="36" fileid="1" />
                <BranchPoint vc="17" uspid="40" ordinal="4" path="0" offset="83" offsetend="85" sl="40" fileid="1" />
                <BranchPoint vc="2" uspid="40" ordinal="5" path="1" offset="83" offsetend="94" sl="40" fileid="1" />
              </BranchPoints>
              <MethodPoint vc="10" uspid="0" p8:type="SequencePoint" ordinal="1" offset="1" sc="0" sl="32" ec="1" el="44" bec="0" bev="0" fileid="1" xmlns:p8="xsi" />
            </Method>
          </Methods>
        </Class>
        <Class>
          <Summary numSequencePoints="696" visitedSequencePoints="534" numBranchPoints="235" visitedBranchPoints="136" sequenceCoverage="76.72" branchCoverage="57.87" maxCyclomaticComplexity="24" minCyclomaticComplexity="1" visitedClasses="1" numClasses="1" visitedMethods="46" numMethods="53" />
          <FullName>Nzr.Orm.Core.Dao</FullName>
          <Methods>
            <Method cyclomaticComplexity="1" nPathComplexity="0" sequenceCoverage="100" branchCoverage="100" isConstructor="False" isGetter="True" isSetter="False" isStatic="True">
              <Summary numSequencePoints="1" visitedSequencePoints="1" numBranchPoints="0" visitedBranchPoints="0" sequenceCoverage="100" branchCoverage="100" maxCyclomaticComplexity="1" minCyclomaticComplexity="1" visitedClasses="0" numClasses="0" visitedMethods="1" numMethods="1" />
              <MetadataToken />
              <Name>Nzr.Orm.Core.Dao/MappingList Nzr.Orm.Core.Dao::get_Mappings()</Name>
              <FileRef uid="2" />
              <SequencePoints>
                <SequencePoint vc="16642" uspid="22" ordinal="0" sl="22" sc="1" el="22" ec="2" bec="0" bev="0" fileid="2" />
              </SequencePoints>
              <BranchPoints />
              <MethodPoint vc="1" uspid="0" p8:type="SequencePoint" ordinal="0" offset="0" sc="0" sl="22" ec="1" el="22" bec="0" bev="0" fileid="2" xmlns:p8="xsi" />
            </Method>
            <Method cyclomaticComplexity="1" nPathComplexity="0" sequenceCoverage="100" branchCoverage="100" isConstructor="False" isGetter="True" isSetter="False" isStatic="True">
              <Summary numSequencePoints="1" visitedSequencePoints="1" numBranchPoints="0" visitedBranchPoints="0" sequenceCoverage="100" branchCoverage="100" maxCyclomaticComplexity="1" minCyclomaticComplexity="1" visitedClasses="0" numClasses="0" visitedMethods="1" numMethods="1" />
              <MetadataToken />
              <Name>System.Boolean Nzr.Orm.Core.Dao::get_IsConnectionOwner()</Name>
              <FileRef uid="2" />
              <SequencePoints>
                <SequencePoint vc="95" uspid="24" ordinal="0" sl="24" sc="1" el="24" ec="2" bec="0" bev="0" fileid="2" />
              </SequencePoints>
              <BranchPoints />
              <MethodPoint vc="1" uspid="0" p8:type="SequencePoint" ordinal="1" offset="1" sc="0" sl="24" ec="1" el="24" bec="0" bev="0" fileid="2" xmlns:p8="xsi" />
            </Method>
            <Method cyclomaticComplexity="1" nPathComplexity="0" sequenceCoverage="100" branchCoverage="100" isConstructor="False" isGetter="True" isSetter="False" isStatic="True">
              <Summary numSequencePoints="1" visitedSequencePoints="1" numBranchPoints="0" visitedBranchPoints="0" sequenceCoverage="100" branchCoverage="100" maxCyclomaticComplexity="1" minCyclomaticComplexity="1" visitedClasses="0" numClasses="0" visitedMethods="1" numMethods="1" />
              <MetadataToken />
              <Name>System.Data.Common.DbConnection Nzr.Orm.Core.Dao::get_Connection()</Name>
              <FileRef uid="2" />
              <SequencePoints>
                <SequencePoint vc="792" uspid="29" ordinal="0" sl="29" sc="1" el="29" ec="2" bec="0" bev="0" fileid="2" />
              </SequencePoints>
              <BranchPoints />
              <MethodPoint vc="1" uspid="0" p8:type="SequencePoint" ordinal="2" offset="2" sc="0" sl="29" ec="1" el="29" bec="0" bev="0" fileid="2" xmlns:p8="xsi" />
            </Method>
            <Method cyclomaticComplexity="1" nPathComplexity="0" sequenceCoverage="100" branchCoverage="100" isConstructor="False" isGetter="True" isSetter="False" isStatic="True">
              <Summary numSequencePoints="1" visitedSequencePoints="1" numBranchPoints="0" visitedBranchPoints="0" sequenceCoverage="100" branchCoverage="100" maxCyclomaticComplexity="1" minCyclomaticComplexity="1" visitedClasses="0" numClasses="0" visitedMethods="1" numMethods="1" />
              <MetadataToken />
              <Name>System.Data.Common.DbTransaction Nzr.Orm.Core.Dao::get_Transaction()</Name>
              <FileRef uid="2" />
              <SequencePoints>
                <SequencePoint vc="486" uspid="34" ordinal="0" sl="34" sc="1" el="34" ec="2" bec="0" bev="0" fileid="2" />
              </SequencePoints>
              <BranchPoints />
              <MethodPoint vc="1" uspid="0" p8:type="SequencePoint" ordinal="3" offset="3" sc="0" sl="34" ec="1" el="34" bec="0" bev="0" fileid="2" xmlns:p8="xsi" />
            </Method>
            <Method cyclomaticComplexity="1" nPathComplexity="0" sequenceCoverage="100" branchCoverage="100" isConstructor="False" isGetter="True" isSetter="False" isStatic="True">
              <Summary numSequencePoints="1" visitedSequencePoints="1" numBranchPoints="0" visitedBranchPoints="0" sequenceCoverage="100" branchCoverage="100" maxCyclomaticComplexity="1" minCyclomaticComplexity="1" visitedClasses="0" numClasses="0" visitedMethods="1" numMethods="1" />
              <MetadataToken />
              <Name>Nzr.Orm.Core.Connection.IConnectionManager Nzr.Orm.Core.Dao::get_ConnectionManager()</Name>
              <FileRef uid="2" />
              <SequencePoints>
                <SequencePoint vc="17" uspid="39" ordinal="0" sl="39" sc="1" el="39" ec="2" bec="0" bev="0" fileid="2" />
              </SequencePoints>
              <BranchPoints />
              <MethodPoint vc="1" uspid="0" p8:type="SequencePoint" ordinal="4" offset="4" sc="0" sl="39" ec="1" el="39" bec="0" bev="0" fileid="2" xmlns:p8="xsi" />
            </Method>
            <Method cyclomaticComplexity="1" nPathComplexity="0" sequenceCoverage="100" branchCoverage="100" isConstructor="False" isGetter="True" isSetter="False" isStatic="True">
              <Summary numSequencePoints="1" visitedSequencePoints="1" numBranchPoints="0" visitedBranchPoints="0" sequenceCoverage="100" branchCoverage="100" maxCyclomaticComplexity="1" minCyclomaticComplexity="1" visitedClasses="0" numClasses="0" visitedMethods="1" numMethods="1" />
              <MetadataToken />
              <Name>Nzr.Orm.Core.Options Nzr.Orm.Core.Dao::get_Options()</Name>
              <FileRef uid="2" />
              <SequencePoints>
                <SequencePoint vc="26614" uspid="44" ordinal="0" sl="44" sc="1" el="44" ec="2" bec="0" bev="0" fileid="2" />
              </SequencePoints>
              <BranchPoints />
              <MethodPoint vc="1" uspid="0" p8:type="SequencePoint" ordinal="5" offset="5" sc="0" sl="44" ec="1" el="44" bec="0" bev="0" fileid="2" xmlns:p8="xsi" />
            </Method>
            <Method cyclomaticComplexity="1" nPathComplexity="0" sequenceCoverage="100" branchCoverage="100" isConstructor="False" isGetter="True" isSetter="False" isStatic="True">
              <Summary numSequencePoints="1" visitedSequencePoints="1" numBranchPoints="0" visitedBranchPoints="0" sequenceCoverage="100" branchCoverage="100" maxCyclomaticComplexity="1" minCyclomaticComplexity="1" visitedClasses="0" numClasses="0" visitedMethods="1" numMethods="1" />
              <MetadataToken />
              <Name>System.Boolean Nzr.Orm.Core.Dao::get_RollbackOnError()</Name>
              <FileRef uid="2" />
              <SequencePoints>
                <SequencePoint vc="7" uspid="49" ordinal="0" sl="49" sc="1" el="49" ec="2" bec="0" bev="0" fileid="2" />
              </SequencePoints>
              <BranchPoints />
              <MethodPoint vc="1" uspid="0" p8:type="SequencePoint" ordinal="6" offset="6" sc="0" sl="49" ec="1" el="49" bec="0" bev="0" fileid="2" xmlns:p8="xsi" />
            </Method>
            <Method cyclomaticComplexity="1" nPathComplexity="0" sequenceCoverage="0" branchCoverage="100" isConstructor="False" isGetter="False" isSetter="False" isStatic="True">
              <Summary numSequencePoints="4" visitedSequencePoints="0" numBranchPoints="0" visitedBranchPoints="0" sequenceCoverage="0" branchCoverage="100" maxCyclomaticComplexity="1" minCyclomaticComplexity="1" visitedClasses="0" numClasses="0" visitedMethods="0" numMethods="1" />
              <MetadataToken />
              <Name>Nzr.Orm.Core.Dao Nzr.Orm.Core.Dao::WithSchema(System.String)</Name>
              <FileRef uid="2" />
              <SequencePoints>
                <SequencePoint vc="0" uspid="57" ordinal="0" sl="57" sc="1" el="57" ec="2" bec="0" bev="0" fileid="2" />
                <SequencePoint vc="0" uspid="58" ordinal="1" sl="58" sc="1" el="58" ec="2" bec="0" bev="0" fileid="2" />
                <SequencePoint vc="0" uspid="59" ordinal="2" sl="59" sc="1" el="59" ec="2" bec="0" bev="0" fileid="2" />
                <SequencePoint vc="0" uspid="60" ordinal="3" sl="60" sc="1" el="60" ec="2" bec="0" bev="0" fileid="2" />
              </SequencePoints>
              <BranchPoints />
              <MethodPoint vc="0" uspid="0" p8:type="SequencePoint" ordinal="7" offset="7" sc="0" sl="57" ec="1" el="60" bec="0" bev="0" fileid="2" xmlns:p8="xsi" />
            </Method>
            <Method cyclomaticComplexity="1" nPathComplexity="0" sequenceCoverage="0" branchCoverage="100" isConstructor="False" isGetter="False" isSetter="False" isStatic="True">
              <Summary numSequencePoints="4" visitedSequencePoints="0" numBranchPoints="0" visitedBranchPoints="0" sequenceCoverage="0" branchCoverage="100" maxCyclomaticComplexity="1" minCyclomaticComplexity="1" visitedClasses="0" numClasses="0" visitedMethods="0" numMethods="1" />
              <MetadataToken />
              <Name>Nzr.Orm.Core.Dao Nzr.Orm.Core.Dao::WithUseComposedId(System.Boolean)</Name>
              <FileRef uid="2" />
              <SequencePoints>
                <SequencePoint vc="0" uspid="68" ordinal="0" sl="68" sc="1" el="68" ec="2" bec="0" bev="0" fileid="2" />
                <SequencePoint vc="0" uspid="69" ordinal="1" sl="69" sc="1" el="69" ec="2" bec="0" bev="0" fileid="2" />
                <SequencePoint vc="0" uspid="70" ordinal="2" sl="70" sc="1" el="70" ec="2" bec="0" bev="0" fileid="2" />
                <SequencePoint vc="0" uspid="71" ordinal="3" sl="71" sc="1" el="71" ec="2" bec="0" bev="0" fileid="2" />
              </SequencePoints>
              <BranchPoints />
              <MethodPoint vc="0" uspid="0" p8:type="SequencePoint" ordinal="8" offset="8" sc="0" sl="68" ec="1" el="71" bec="0" bev="0" fileid="2" xmlns:p8="xsi" />
            </Method>
            <Method cyclomaticComplexity="1" nPathComplexity="0" sequenceCoverage="100" branchCoverage="100" isConstructor="False" isGetter="False" isSetter="False" isStatic="True">
              <Summary numSequencePoints="14" visitedSequencePoints="14" numBranchPoints="0" visitedBranchPoints="0" sequenceCoverage="100" branchCoverage="100" maxCyclomaticComplexity="1" minCyclomaticComplexity="1" visitedClasses="0" numClasses="0" visitedMethods="1" numMethods="1" />
              <MetadataToken />
              <Name>Nzr.Orm.Core.Dao Nzr.Orm.Core.Dao::Configure(Nzr.Orm.Core.Options)</Name>
              <FileRef uid="2" />
              <SequencePoints>
                <SequencePoint vc="87" uspid="137" ordinal="0" sl="137" sc="1" el="137" ec="2" bec="0" bev="0" fileid="2" />
                <SequencePoint vc="87" uspid="138" ordinal="1" sl="138" sc="1" el="138" ec="2" bec="0" bev="0" fileid="2" />
                <SequencePoint vc="87" uspid="139" ordinal="2" sl="139" sc="1" el="139" ec="2" bec="0" bev="0" fileid="2" />
                <SequencePoint vc="87" uspid="140" ordinal="3" sl="140" sc="1" el="140" ec="2" bec="0" bev="0" fileid="2" />
                <SequencePoint vc="87" uspid="141" ordinal="4" sl="141" sc="1" el="141" ec="2" bec="0" bev="0" fileid="2" />
                <SequencePoint vc="87" uspid="142" ordinal="5" sl="142" sc="1" el="142" ec="2" bec="0" bev="0" fileid="2" />
                <SequencePoint vc="87" uspid="143" ordinal="6" sl="143" sc="1" el="143" ec="2" bec="0" bev="0" fileid="2" />
                <SequencePoint vc="87" uspid="144" ordinal="7" sl="144" sc="1" el="144" ec="2" bec="0" bev="0" fileid="2" />
                <SequencePoint vc="87" uspid="145" ordinal="8" sl="145" sc="1" el="145" ec="2" bec="0" bev="0" fileid="2" />
                <SequencePoint vc="87" uspid="146" ordinal="9" sl="146" sc="1" el="146" ec="2" bec="0" bev="0" fileid="2" />
                <SequencePoint vc="87" uspid="147" ordinal="10" sl="147" sc="1" el="147" ec="2" bec="0" bev="0" fileid="2" />
                <SequencePoint vc="87" uspid="149" ordinal="11" sl="149" sc="1" el="149" ec="2" bec="0" bev="0" fileid="2" />
                <SequencePoint vc="87" uspid="151" ordinal="12" sl="151" sc="1" el="151" ec="2" bec="0" bev="0" fileid="2" />
                <SequencePoint vc="87" uspid="152" ordinal="13" sl="152" sc="1" el="152" ec="2" bec="0" bev="0" fileid="2" />
              </SequencePoints>
              <BranchPoints />
              <MethodPoint vc="14" uspid="0" p8:type="SequencePoint" ordinal="9" offset="9" sc="0" sl="137" ec="1" el="152" bec="0" bev="0" fileid="2" xmlns:p8="xsi" />
            </Method>
            <Method cyclomaticComplexity="12" nPathComplexity="0" sequenceCoverage="87.87" branchCoverage="83.33" isConstructor="False" isGetter="False" isSetter="False" isStatic="True">
              <Summary numSequencePoints="33" visitedSequencePoints="29" numBranchPoints="12" visitedBranchPoints="10" sequenceCoverage="87.87" branchCoverage="83.33" maxCyclomaticComplexity="12" minCyclomaticComplexity="12" visitedClasses="0" numClasses="0" visitedMethods="1" numMethods="1" />
              <MetadataToken />
              <Name>System.Data.Common.DbConnection Nzr.Orm.Core.Dao::GetConnection()</Name>
              <FileRef uid="2" />
              <SequencePoints>
                <SequencePoint vc="87" uspid="159" ordinal="0" sl="159" sc="1" el="159" ec="2" bec="0" bev="0" fileid="2" />
                <SequencePoint vc="87" uspid="160" ordinal="1" sl="160" sc="1" el="160" ec="2" bec="0" bev="0" fileid="2" />
                <SequencePoint vc="87" uspid="161" ordinal="2" sl="161" sc="1" el="161" ec="2" bec="0" bev="0" fileid="2" />
                <SequencePoint vc="87" uspid="162" ordinal="3" sl="162" sc="1" el="162" ec="2" bec="0" bev="0" fileid="2" />
                <SequencePoint vc="83" uspid="163" ordinal="4" sl="163" sc="1" el="163" ec="2" bec="0" bev="0" fileid="2" />
                <SequencePoint vc="83" uspid="164" ordinal="5" sl="164" sc="1" el="164" ec="2" bec="0" bev="0" fileid="2" />
                <SequencePoint vc="83" uspid="165" ordinal="6" sl="165" sc="1" el="165" ec="2" bec="0" bev="0" fileid="2" />
                <SequencePoint vc="4" uspid="166" ordinal="7" sl="166" sc="1" el="166" ec="2" bec="0" bev="0" fileid="2" />
                <SequencePoint vc="4" uspid="167" ordinal="8" sl="167" sc="1" el="167" ec="2" bec="0" bev="0" fileid="2" />
                <SequencePoint vc="4" uspid="168" ordinal="9" sl="168" sc="1" el="168" ec="2" bec="0" bev="0" fileid="2" />
                <SequencePoint vc="4" uspid="169" ordinal="10" sl="169" sc="1" el="169" ec="2" bec="0" bev="0" fileid="2" />
                <SequencePoint vc="4" uspid="170" ordinal="11" sl="170" sc="1" el="170" ec="2" bec="0" bev="0" fileid="2" />
                <SequencePoint vc="4" uspid="171" ordinal="12" sl="171" sc="1" el="171" ec="2" bec="0" bev="0" fileid="2" />
                <SequencePoint vc="4" uspid="172" ordinal="13" sl="172" sc="1" el="172" ec="2" bec="0" bev="0" fileid="2" />
                <SequencePoint vc="0" uspid="174" ordinal="14" sl="174" sc="1" el="174" ec="2" bec="0" bev="0" fileid="2" />
                <SequencePoint vc="0" uspid="175" ordinal="15" sl="175" sc="1" el="175" ec="2" bec="0" bev="0" fileid="2" />
                <SequencePoint vc="0" uspid="176" ordinal="16" sl="176" sc="1" el="176" ec="2" bec="0" bev="0" fileid="2" />
                <SequencePoint vc="0" uspid="177" ordinal="17" sl="177" sc="1" el="177" ec="2" bec="0" bev="0" fileid="2" />
                <SequencePoint vc="87" uspid="179" ordinal="18" sl="179" sc="1" el="179" ec="2" bec="0" bev="0" fileid="2" />
                <SequencePoint vc="87" uspid="181" ordinal="19" sl="181" sc="1" el="181" ec="2" bec="0" bev="0" fileid="2" />
                <SequencePoint vc="4" uspid="182" ordinal="20" sl="182" sc="1" el="182" ec="2" bec="0" bev="0" fileid="2" />
                <SequencePoint vc="4" uspid="183" ordinal="21" sl="183" sc="1" el="183" ec="2" bec="0" bev="0" fileid="2" />
                <SequencePoint vc="4" uspid="184" ordinal="22" sl="184" sc="1" el="184" ec="2" bec="0" bev="0" fileid="2" />
                <SequencePoint vc="4" uspid="185" ordinal="23" sl="185" sc="1" el="185" ec="2" bec="0" bev="0" fileid="2" />
                <SequencePoint vc="4" uspid="187" ordinal="24" sl="187" sc="1" el="187" ec="2" bec="0" bev="0" fileid="2" />
                <SequencePoint vc="4" uspid="188" ordinal="25" sl="188" sc="1" el="188" ec="2" bec="0" bev="0" fileid="2" />
                <SequencePoint vc="4" uspid="189" ordinal="26" sl="189" sc="1" el="189" ec="2" bec="0" bev="0" fileid="2" />
                <SequencePoint vc="4" uspid="190" ordinal="27" sl="190" sc="1" el="190" ec="2" bec="0" bev="0" fileid="2" />
                <SequencePoint vc="4" uspid="191" ordinal="28" sl="191" sc="1" el="191" ec="2" bec="0" bev="0" fileid="2" />
                <SequencePoint vc="4" uspid="192" ordinal="29" sl="192" sc="1" el="192" ec="2" bec="0" bev="0" fileid="2" />
                <SequencePoint vc="4" uspid="193" ordinal="30" sl="193" sc="1" el="193" ec="2" bec="0" bev="0" fileid="2" />
                <SequencePoint vc="87" uspid="195" ordinal="31" sl="195" sc="1" el="195" ec="2" bec="0" bev="0" fileid="2" />
                <SequencePoint vc="87" uspid="196" ordinal="32" sl="196" sc="1" el="196" ec="2" bec="0" bev="0" fileid="2" />
              </SequencePoints>
              <BranchPoints>
                <BranchPoint vc="87" uspid="160" ordinal="0" path="0" offset="12" offsetend="17" sl="160" fileid="2" />
                <BranchPoint vc="83" uspid="162" ordinal="2" path="0" offset="29" offsetend="31" sl="162" fileid="2" />
                <BranchPoint vc="4" uspid="162" ordinal="3" path="1" offset="29" offsetend="56" sl="162" fileid="2" />
                <BranchPoint vc="4" uspid="166" ordinal="4" path="0" offset="67" offsetend="69" sl="166" fileid="2" />
                <BranchPoint vc="0" uspid="166" ordinal="5" path="1" offset="67" offsetend="172" sl="166" fileid="2" />
                <BranchPoint vc="87" uspid="160" ordinal="1" path="1" offset="12" offsetend="200" sl="160" fileid="2" />
                <BranchPoint vc="4" uspid="181" ordinal="6" path="0" offset="221" offsetend="226" sl="181" fileid="2" />
                <BranchPoint vc="4" uspid="187" ordinal="8" path="0" offset="338" offsetend="340" sl="187" fileid="2" />
                <BranchPoint vc="0" uspid="187" ordinal="9" path="1" offset="338" offsetend="351" sl="187" fileid="2" />
                <BranchPoint vc="4" uspid="187" ordinal="10" path="0" offset="356" offsetend="358" sl="187" fileid="2" />
                <BranchPoint vc="4" uspid="187" ordinal="11" path="1" offset="356" offsetend="463" sl="187" fileid="2" />
                <BranchPoint vc="87" uspid="181" ordinal="7" path="1" offset="221" offsetend="464" sl="181" fileid="2" />
              </BranchPoints>
              <MethodPoint vc="29" uspid="0" p8:type="SequencePoint" ordinal="10" offset="10" sc="0" sl="159" ec="1" el="196" bec="0" bev="0" fileid="2" xmlns:p8="xsi" />
            </Method>
            <Method cyclomaticComplexity="10" nPathComplexity="0" sequenceCoverage="100" branchCoverage="90" isConstructor="False" isGetter="False" isSetter="False" isStatic="True">
              <Summary numSequencePoints="22" visitedSequencePoints="22" numBranchPoints="10" visitedBranchPoints="9" sequenceCoverage="100" branchCoverage="90" maxCyclomaticComplexity="10" minCyclomaticComplexity="10" visitedClasses="0" numClasses="0" visitedMethods="1" numMethods="1" />
              <MetadataToken />
              <Name>System.Void Nzr.Orm.Core.Dao::CloseConnection()</Name>
              <FileRef uid="2" />
              <SequencePoints>
                <SequencePoint vc="87" uspid="202" ordinal="0" sl="202" sc="1" el="202" ec="2" bec="0" bev="0" fileid="2" />
                <SequencePoint vc="87" uspid="203" ordinal="1" sl="203" sc="1" el="203" ec="2" bec="0" bev="0" fileid="2" />
                <SequencePoint vc="4" uspid="204" ordinal="2" sl="204" sc="1" el="204" ec="2" bec="0" bev="0" fileid="2" />
                <SequencePoint vc="4" uspid="205" ordinal="3" sl="205" sc="1" el="205" ec="2" bec="0" bev="0" fileid="2" />
                <SequencePoint vc="4" uspid="207" ordinal="4" sl="207" sc="1" el="207" ec="2" bec="0" bev="0" fileid="2" />
                <SequencePoint vc="4" uspid="208" ordinal="5" sl="208" sc="1" el="208" ec="2" bec="0" bev="0" fileid="2" />
                <SequencePoint vc="4" uspid="209" ordinal="6" sl="209" sc="1" el="209" ec="2" bec="0" bev="0" fileid="2" />
                <SequencePoint vc="4" uspid="210" ordinal="7" sl="210" sc="1" el="210" ec="2" bec="0" bev="0" fileid="2" />
                <SequencePoint vc="4" uspid="211" ordinal="8" sl="211" sc="1" el="211" ec="2" bec="0" bev="0" fileid="2" />
                <SequencePoint vc="4" uspid="212" ordinal="9" sl="212" sc="1" el="212" ec="2" bec="0" bev="0" fileid="2" />
                <SequencePoint vc="4" uspid="213" ordinal="10" sl="213" sc="1" el="213" ec="2" bec="0" bev="0" fileid="2" />
                <SequencePoint vc="4" uspid="214" ordinal="11" sl="214" sc="1" el="214" ec="2" bec="0" bev="0" fileid="2" />
                <SequencePoint vc="4" uspid="216" ordinal="12" sl="216" sc="1" el="216" ec="2" bec="0" bev="0" fileid="2" />
                <SequencePoint vc="4" uspid="217" ordinal="13" sl="217" sc="1" el="217" ec="2" bec="0" bev="0" fileid="2" />
                <SequencePoint vc="4" uspid="219" ordinal="14" sl="219" sc="1" el="219" ec="2" bec="0" bev="0" fileid="2" />
                <SequencePoint vc="4" uspid="220" ordinal="15" sl="220" sc="1" el="220" ec="2" bec="0" bev="0" fileid="2" />
                <SequencePoint vc="4" uspid="221" ordinal="16" sl="221" sc="1" el="221" ec="2" bec="0" bev="0" fileid="2" />
                <SequencePoint vc="4" uspid="222" ordinal="17" sl="222" sc="1" el="222" ec="2" bec="0" bev="0" fileid="2" />
                <SequencePoint vc="4" uspid="223" ordinal="18" sl="223" sc="1" el="223" ec="2" bec="0" bev="0" fileid="2" />
                <SequencePoint vc="4" uspid="225" ordinal="19" sl="225" sc="1" el="225" ec="2" bec="0" bev="0" fileid="2" />
                <SequencePoint vc="4" uspid="226" ordinal="20" sl="226" sc="1" el="226" ec="2" bec="0" bev="0" fileid="2" />
                <SequencePoint vc="87" uspid="227" ordinal="21" sl="227" sc="1" el="227" ec="2" bec="0" bev="0" fileid="2" />
              </SequencePoints>
              <BranchPoints>
                <BranchPoint vc="87" uspid="203" ordinal="0" path="0" offset="7" offsetend="9" sl="203" fileid="2" />
                <BranchPoint vc="0" uspid="203" ordinal="1" path="1" offset="7" offsetend="17" sl="203" fileid="2" />
                <BranchPoint vc="4" uspid="203" ordinal="2" path="0" offset="20" offsetend="25" sl="203" fileid="2" />
                <BranchPoint vc="4" uspid="207" ordinal="4" path="0" offset="74" offsetend="76" sl="207" fileid="2" />
                <BranchPoint vc="4" uspid="209" ordinal="6" path="0" offset="93" offsetend="95" sl="209" fileid="2" />
                <BranchPoint vc="4" uspid="209" ordinal="7" path="1" offset="93" offsetend="183" sl="209" fileid="2" />
                <BranchPoint vc="4" uspid="207" ordinal="5" path="1" offset="74" offsetend="196" sl="207" fileid="2" />
                <BranchPoint vc="4" uspid="219" ordinal="8" path="0" offset="212" offsetend="214" sl="219" fileid="2" />
                <BranchPoint vc="4" uspid="219" ordinal="9" path="1" offset="212" offsetend="265" sl="219" fileid="2" />
                <BranchPoint vc="87" uspid="203" ordinal="3" path="1" offset="20" offsetend="278" sl="203" fileid="2" />
              </BranchPoints>
              <MethodPoint vc="22" uspid="0" p8:type="SequencePoint" ordinal="11" offset="11" sc="0" sl="202" ec="1" el="227" bec="0" bev="0" fileid="2" xmlns:p8="xsi" />
            </Method>
            <Method cyclomaticComplexity="4" nPathComplexity="0" sequenceCoverage="72.72" branchCoverage="25" isConstructor="False" isGetter="False" isSetter="False" isStatic="True">
              <Summary numSequencePoints="11" visitedSequencePoints="8" numBranchPoints="4" visitedBranchPoints="1" sequenceCoverage="72.72" branchCoverage="25" maxCyclomaticComplexity="4" minCyclomaticComplexity="4" visitedClasses="0" numClasses="0" visitedMethods="1" numMethods="1" />
              <MetadataToken />
              <Name>System.Int32 Nzr.Orm.Core.Dao::Insert(System.Object)</Name>
              <FileRef uid="2" />
              <SequencePoints>
                <SequencePoint vc="130" uspid="237" ordinal="0" sl="237" sc="1" el="237" ec="2" bec="0" bev="0" fileid="2" />
                <SequencePoint vc="130" uspid="239" ordinal="1" sl="239" sc="1" el="239" ec="2" bec="0" bev="0" fileid="2" />
                <SequencePoint vc="130" uspid="240" ordinal="2" sl="240" sc="1" el="240" ec="2" bec="0" bev="0" fileid="2" />
                <SequencePoint vc="2" uspid="242" ordinal="3" sl="242" sc="1" el="242" ec="2" bec="0" bev="0" fileid="2" />
                <SequencePoint vc="2" uspid="243" ordinal="4" sl="243" sc="1" el="243" ec="2" bec="0" bev="0" fileid="2" />
                <SequencePoint vc="2" uspid="244" ordinal="5" sl="244" sc="1" el="244" ec="2" bec="0" bev="0" fileid="2" />
                <SequencePoint vc="0" uspid="245" ordinal="6" sl="245" sc="1" el="245" ec="2" bec="0" bev="0" fileid="2" />
                <SequencePoint vc="0" uspid="246" ordinal="7" sl="246" sc="1" el="246" ec="2" bec="0" bev="0" fileid="2" />
                <SequencePoint vc="0" uspid="247" ordinal="8" sl="247" sc="1" el="247" ec="2" bec="0" bev="0" fileid="2" />
                <SequencePoint vc="2" uspid="249" ordinal="9" sl="249" sc="1" el="249" ec="2" bec="0" bev="0" fileid="2" />
                <SequencePoint vc="128" uspid="251" ordinal="10" sl="251" sc="1" el="251" ec="2" bec="0" bev="0" fileid="2" />
              </SequencePoints>
              <BranchPoints>
                <BranchPoint vc="0" uspid="244" ordinal="0" path="0" offset="31" offsetend="33" sl="244" fileid="2" />
                <BranchPoint vc="0" uspid="246" ordinal="2" path="0" offset="41" offsetend="43" sl="246" fileid="2" />
                <BranchPoint vc="0" uspid="246" ordinal="3" path="1" offset="41" offsetend="46" sl="246" fileid="2" />
                <BranchPoint vc="2" uspid="244" ordinal="1" path="1" offset="31" offsetend="53" sl="244" fileid="2" />
              </BranchPoints>
              <MethodPoint vc="8" uspid="0" p8:type="SequencePoint" ordinal="12" offset="12" sc="0" sl="237" ec="1" el="251" bec="0" bev="0" fileid="2" xmlns:p8="xsi" />
            </Method>
            <Method cyclomaticComplexity="4" nPathComplexity="0" sequenceCoverage="36.36" branchCoverage="0" isConstructor="False" isGetter="False" isSetter="False" isStatic="True">
              <Summary numSequencePoints="11" visitedSequencePoints="4" numBranchPoints="4" visitedBranchPoints="0" sequenceCoverage="36.36" branchCoverage="0" maxCyclomaticComplexity="4" minCyclomaticComplexity="4" visitedClasses="0" numClasses="0" visitedMethods="1" numMethods="1" />
              <MetadataToken />
              <Name>T Nzr.Orm.Core.Dao::Select(System.Int32)</Name>
              <FileRef uid="2" />
              <SequencePoints>
                <SequencePoint vc="1" uspid="259" ordinal="0" sl="259" sc="1" el="259" ec="2" bec="0" bev="0" fileid="2" />
                <SequencePoint vc="1" uspid="261" ordinal="1" sl="261" sc="1" el="261" ec="2" bec="0" bev="0" fileid="2" />
                <SequencePoint vc="1" uspid="262" ordinal="2" sl="262" sc="1" el="262" ec="2" bec="0" bev="0" fileid="2" />
                <SequencePoint vc="0" uspid="264" ordinal="3" sl="264" sc="1" el="264" ec="2" bec="0" bev="0" fileid="2" />
                <SequencePoint vc="0" uspid="265" ordinal="4" sl="265" sc="1" el="265" ec="2" bec="0" bev="0" fileid="2" />
                <SequencePoint vc="0" uspid="266" ordinal="5" sl="266" sc="1" el="266" ec="2" bec="0" bev="0" fileid="2" />
                <SequencePoint vc="0" uspid="267" ordinal="6" sl="267" sc="1" el="267" ec="2" bec="0" bev="0" fileid="2" />
                <SequencePoint vc="0" uspid="268" ordinal="7" sl="268" sc="1" el="268" ec="2" bec="0" bev="0" fileid="2" />
                <SequencePoint vc="0" uspid="269" ordinal="8" sl="269" sc="1" el="269" ec="2" bec="0" bev="0" fileid="2" />
                <SequencePoint vc="0" uspid="271" ordinal="9" sl="271" sc="1" el="271" ec="2" bec="0" bev="0" fileid="2" />
                <SequencePoint vc="1" uspid="273" ordinal="10" sl="273" sc="1" el="273" ec="2" bec="0" bev="0" fileid="2" />
              </SequencePoints>
              <BranchPoints>
                <BranchPoint vc="0" uspid="266" ordinal="0" path="0" offset="36" offsetend="38" sl="266" fileid="2" />
                <BranchPoint vc="0" uspid="268" ordinal="2" path="0" offset="46" offsetend="48" sl="268" fileid="2" />
                <BranchPoint vc="0" uspid="268" ordinal="3" path="1" offset="46" offsetend="51" sl="268" fileid="2" />
                <BranchPoint vc="0" uspid="266" ordinal="1" path="1" offset="36" offsetend="58" sl="266" fileid="2" />
              </BranchPoints>
              <MethodPoint vc="4" uspid="0" p8:type="SequencePoint" ordinal="13" offset="13" sc="0" sl="259" ec="1" el="273" bec="0" bev="0" fileid="2" xmlns:p8="xsi" />
            </Method>
            <Method cyclomaticComplexity="4" nPathComplexity="0" sequenceCoverage="36.36" branchCoverage="0" isConstructor="False" isGetter="False" isSetter="False" isStatic="True">
              <Summary numSequencePoints="11" visitedSequencePoints="4" numBranchPoints="4" visitedBranchPoints="0" sequenceCoverage="36.36" branchCoverage="0" maxCyclomaticComplexity="4" minCyclomaticComplexity="4" visitedClasses="0" numClasses="0" visitedMethods="1" numMethods="1" />
              <MetadataToken />
              <Name>T Nzr.Orm.Core.Dao::Select(System.Guid)</Name>
              <FileRef uid="2" />
              <SequencePoints>
                <SequencePoint vc="16" uspid="281" ordinal="0" sl="281" sc="1" el="281" ec="2" bec="0" bev="0" fileid="2" />
                <SequencePoint vc="16" uspid="283" ordinal="1" sl="283" sc="1" el="283" ec="2" bec="0" bev="0" fileid="2" />
                <SequencePoint vc="16" uspid="284" ordinal="2" sl="284" sc="1" el="284" ec="2" bec="0" bev="0" fileid="2" />
                <SequencePoint vc="0" uspid="286" ordinal="3" sl="286" sc="1" el="286" ec="2" bec="0" bev="0" fileid="2" />
                <SequencePoint vc="0" uspid="287" ordinal="4" sl="287" sc="1" el="287" ec="2" bec="0" bev="0" fileid="2" />
                <SequencePoint vc="0" uspid="288" ordinal="5" sl="288" sc="1" el="288" ec="2" bec="0" bev="0" fileid="2" />
                <SequencePoint vc="0" uspid="289" ordinal="6" sl="289" sc="1" el="289" ec="2" bec="0" bev="0" fileid="2" />
                <SequencePoint vc="0" uspid="290" ordinal="7" sl="290" sc="1" el="290" ec="2" bec="0" bev="0" fileid="2" />
                <SequencePoint vc="0" uspid="291" ordinal="8" sl="291" sc="1" el="291" ec="2" bec="0" bev="0" fileid="2" />
                <SequencePoint vc="0" uspid="293" ordinal="9" sl="293" sc="1" el="293" ec="2" bec="0" bev="0" fileid="2" />
                <SequencePoint vc="16" uspid="295" ordinal="10" sl="295" sc="1" el="295" ec="2" bec="0" bev="0" fileid="2" />
              </SequencePoints>
              <BranchPoints>
                <BranchPoint vc="0" uspid="288" ordinal="0" path="0" offset="36" offsetend="38" sl="288" fileid="2" />
                <BranchPoint vc="0" uspid="290" ordinal="2" path="0" offset="46" offsetend="48" sl="290" fileid="2" />
                <BranchPoint vc="0" uspid="290" ordinal="3" path="1" offset="46" offsetend="51" sl="290" fileid="2" />
                <BranchPoint vc="0" uspid="288" ordinal="1" path="1" offset="36" offsetend="58" sl="288" fileid="2" />
              </BranchPoints>
              <MethodPoint vc="4" uspid="0" p8:type="SequencePoint" ordinal="14" offset="14" sc="0" sl="281" ec="1" el="295" bec="0" bev="0" fileid="2" xmlns:p8="xsi" />
            </Method>
            <Method cyclomaticComplexity="4" nPathComplexity="0" sequenceCoverage="36.36" branchCoverage="0" isConstructor="False" isGetter="False" isSetter="False" isStatic="True">
              <Summary numSequencePoints="11" visitedSequencePoints="4" numBranchPoints="4" visitedBranchPoints="0" sequenceCoverage="36.36" branchCoverage="0" maxCyclomaticComplexity="4" minCyclomaticComplexity="4" visitedClasses="0" numClasses="0" visitedMethods="1" numMethods="1" />
              <MetadataToken />
              <Name>T Nzr.Orm.Core.Dao::Select(System.Object[])</Name>
              <FileRef uid="2" />
              <SequencePoints>
                <SequencePoint vc="17" uspid="303" ordinal="0" sl="303" sc="1" el="303" ec="2" bec="0" bev="0" fileid="2" />
                <SequencePoint vc="17" uspid="305" ordinal="1" sl="305" sc="1" el="305" ec="2" bec="0" bev="0" fileid="2" />
                <SequencePoint vc="17" uspid="306" ordinal="2" sl="306" sc="1" el="306" ec="2" bec="0" bev="0" fileid="2" />
                <SequencePoint vc="0" uspid="308" ordinal="3" sl="308" sc="1" el="308" ec="2" bec="0" bev="0" fileid="2" />
                <SequencePoint vc="0" uspid="309" ordinal="4" sl="309" sc="1" el="309" ec="2" bec="0" bev="0" fileid="2" />
                <SequencePoint vc="0" uspid="310" ordinal="5" sl="310" sc="1" el="310" ec="2" bec="0" bev="0" fileid="2" />
                <SequencePoint vc="0" uspid="311" ordinal="6" sl="311" sc="1" el="311" ec="2" bec="0" bev="0" fileid="2" />
                <SequencePoint vc="0" uspid="312" ordinal="7" sl="312" sc="1" el="312" ec="2" bec="0" bev="0" fileid="2" />
                <SequencePoint vc="0" uspid="313" ordinal="8" sl="313" sc="1" el="313" ec="2" bec="0" bev="0" fileid="2" />
                <SequencePoint vc="0" uspid="315" ordinal="9" sl="315" sc="1" el="315" ec="2" bec="0" bev="0" fileid="2" />
                <SequencePoint vc="17" uspid="317" ordinal="10" sl="317" sc="1" el="317" ec="2" bec="0" bev="0" fileid="2" />
              </SequencePoints>
              <BranchPoints>
                <BranchPoint vc="0" uspid="310" ordinal="0" path="0" offset="22" offsetend="24" sl="310" fileid="2" />
                <BranchPoint vc="0" uspid="312" ordinal="2" path="0" offset="32" offsetend="34" sl="312" fileid="2" />
                <BranchPoint vc="0" uspid="312" ordinal="3" path="1" offset="32" offsetend="37" sl="312" fileid="2" />
                <BranchPoint vc="0" uspid="310" ordinal="1" path="1" offset="22" offsetend="44" sl="310" fileid="2" />
              </BranchPoints>
              <MethodPoint vc="4" uspid="0" p8:type="SequencePoint" ordinal="15" offset="15" sc="0" sl="303" ec="1" el="317" bec="0" bev="0" fileid="2" xmlns:p8="xsi" />
            </Method>
            <Method cyclomaticComplexity="8" nPathComplexity="0" sequenceCoverage="80" branchCoverage="62.5" isConstructor="False" isGetter="False" isSetter="False" isStatic="True">
              <Summary numSequencePoints="15" visitedSequencePoints="12" numBranchPoints="8" visitedBranchPoints="5" sequenceCoverage="80" branchCoverage="62.5" maxCyclomaticComplexity="8" minCyclomaticComplexity="8" visitedClasses="0" numClasses="0" visitedMethods="1" numMethods="1" />
              <MetadataToken />
              <Name>System.Collections.Generic.IList`1&lt;T&gt; Nzr.Orm.Core.Dao::Select(Nzr.Orm.Core.Sql.Where,Nzr.Orm.Core.Sql.OrderBy,System.UInt64)</Name>
              <FileRef uid="2" />
              <SequencePoints>
                <SequencePoint vc="31" uspid="327" ordinal="0" sl="327" sc="1" el="327" ec="2" bec="0" bev="0" fileid="2" />
                <SequencePoint vc="31" uspid="329" ordinal="1" sl="329" sc="1" el="329" ec="2" bec="0" bev="0" fileid="2" />
                <SequencePoint vc="31" uspid="330" ordinal="2" sl="330" sc="1" el="330" ec="2" bec="0" bev="0" fileid="2" />
                <SequencePoint vc="31" uspid="331" ordinal="3" sl="331" sc="1" el="331" ec="2" bec="0" bev="0" fileid="2" />
                <SequencePoint vc="31" uspid="332" ordinal="4" sl="332" sc="1" el="332" ec="2" bec="0" bev="0" fileid="2" />
                <SequencePoint vc="31" uspid="333" ordinal="5" sl="333" sc="1" el="333" ec="2" bec="0" bev="0" fileid="2" />
                <SequencePoint vc="31" uspid="334" ordinal="6" sl="334" sc="1" el="334" ec="2" bec="0" bev="0" fileid="2" />
                <SequencePoint vc="2" uspid="336" ordinal="7" sl="336" sc="1" el="336" ec="2" bec="0" bev="0" fileid="2" />
                <SequencePoint vc="2" uspid="337" ordinal="8" sl="337" sc="1" el="337" ec="2" bec="0" bev="0" fileid="2" />
                <SequencePoint vc="2" uspid="338" ordinal="9" sl="338" sc="1" el="338" ec="2" bec="0" bev="0" fileid="2" />
                <SequencePoint vc="0" uspid="339" ordinal="10" sl="339" sc="1" el="339" ec="2" bec="0" bev="0" fileid="2" />
                <SequencePoint vc="0" uspid="340" ordinal="11" sl="340" sc="1" el="340" ec="2" bec="0" bev="0" fileid="2" />
                <SequencePoint vc="0" uspid="341" ordinal="12" sl="341" sc="1" el="341" ec="2" bec="0" bev="0" fileid="2" />
                <SequencePoint vc="2" uspid="343" ordinal="13" sl="343" sc="1" el="343" ec="2" bec="0" bev="0" fileid="2" />
                <SequencePoint vc="29" uspid="345" ordinal="14" sl="345" sc="1" el="345" ec="2" bec="0" bev="0" fileid="2" />
              </SequencePoints>
              <BranchPoints>
                <BranchPoint vc="2" uspid="330" ordinal="0" path="0" offset="4" offsetend="6" sl="330" fileid="2" />
                <BranchPoint vc="31" uspid="330" ordinal="1" path="1" offset="4" offsetend="12" sl="330" fileid="2" />
                <BranchPoint vc="25" uspid="332" ordinal="2" path="0" offset="33" offsetend="35" sl="332" fileid="2" />
                <BranchPoint vc="31" uspid="332" ordinal="3" path="1" offset="33" offsetend="41" sl="332" fileid="2" />
                <BranchPoint vc="0" uspid="338" ordinal="4" path="0" offset="78" offsetend="80" sl="338" fileid="2" />
                <BranchPoint vc="0" uspid="340" ordinal="6" path="0" offset="88" offsetend="90" sl="340" fileid="2" />
                <BranchPoint vc="0" uspid="340" ordinal="7" path="1" offset="88" offsetend="93" sl="340" fileid="2" />
                <BranchPoint vc="2" uspid="338" ordinal="5" path="1" offset="78" offsetend="100" sl="338" fileid="2" />
              </BranchPoints>
              <MethodPoint vc="12" uspid="0" p8:type="SequencePoint" ordinal="16" offset="16" sc="0" sl="327" ec="1" el="345" bec="0" bev="0" fileid="2" xmlns:p8="xsi" />
            </Method>
            <Method cyclomaticComplexity="4" nPathComplexity="0" sequenceCoverage="36.36" branchCoverage="0" isConstructor="False" isGetter="False" isSetter="False" isStatic="True">
              <Summary numSequencePoints="11" visitedSequencePoints="4" numBranchPoints="4" visitedBranchPoints="0" sequenceCoverage="36.36" branchCoverage="0" maxCyclomaticComplexity="4" minCyclomaticComplexity="4" visitedClasses="0" numClasses="0" visitedMethods="1" numMethods="1" />
              <MetadataToken />
              <Name>System.Int32 Nzr.Orm.Core.Dao::Update(System.Object)</Name>
              <FileRef uid="2" />
              <SequencePoints>
                <SequencePoint vc="6" uspid="353" ordinal="0" sl="353" sc="1" el="353" ec="2" bec="0" bev="0" fileid="2" />
                <SequencePoint vc="6" uspid="355" ordinal="1" sl="355" sc="1" el="355" ec="2" bec="0" bev="0" fileid="2" />
                <SequencePoint vc="6" uspid="356" ordinal="2" sl="356" sc="1" el="356" ec="2" bec="0" bev="0" fileid="2" />
                <SequencePoint vc="0" uspid="358" ordinal="3" sl="358" sc="1" el="358" ec="2" bec="0" bev="0" fileid="2" />
                <SequencePoint vc="0" uspid="359" ordinal="4" sl="359" sc="1" el="359" ec="2" bec="0" bev="0" fileid="2" />
                <SequencePoint vc="0" uspid="360" ordinal="5" sl="360" sc="1" el="360" ec="2" bec="0" bev="0" fileid="2" />
                <SequencePoint vc="0" uspid="361" ordinal="6" sl="361" sc="1" el="361" ec="2" bec="0" bev="0" fileid="2" />
                <SequencePoint vc="0" uspid="362" ordinal="7" sl="362" sc="1" el="362" ec="2" bec="0" bev="0" fileid="2" />
                <SequencePoint vc="0" uspid="363" ordinal="8" sl="363" sc="1" el="363" ec="2" bec="0" bev="0" fileid="2" />
                <SequencePoint vc="0" uspid="365" ordinal="9" sl="365" sc="1" el="365" ec="2" bec="0" bev="0" fileid="2" />
                <SequencePoint vc="6" uspid="367" ordinal="10" sl="367" sc="1" el="367" ec="2" bec="0" bev="0" fileid="2" />
              </SequencePoints>
              <BranchPoints>
                <BranchPoint vc="0" uspid="360" ordinal="0" path="0" offset="31" offsetend="33" sl="360" fileid="2" />
                <BranchPoint vc="0" uspid="362" ordinal="2" path="0" offset="41" offsetend="43" sl="362" fileid="2" />
                <BranchPoint vc="0" uspid="362" ordinal="3" path="1" offset="41" offsetend="46" sl="362" fileid="2" />
                <BranchPoint vc="0" uspid="360" ordinal="1" path="1" offset="31" offsetend="53" sl="360" fileid="2" />
              </BranchPoints>
              <MethodPoint vc="4" uspid="0" p8:type="SequencePoint" ordinal="17" offset="17" sc="0" sl="353" ec="1" el="367" bec="0" bev="0" fileid="2" xmlns:p8="xsi" />
            </Method>
            <Method cyclomaticComplexity="6" nPathComplexity="0" sequenceCoverage="78.57" branchCoverage="33.33" isConstructor="False" isGetter="False" isSetter="False" isStatic="True">
              <Summary numSequencePoints="14" visitedSequencePoints="11" numBranchPoints="6" visitedBranchPoints="2" sequenceCoverage="78.57" branchCoverage="33.33" maxCyclomaticComplexity="6" minCyclomaticComplexity="6" visitedClasses="0" numClasses="0" visitedMethods="1" numMethods="1" />
              <MetadataToken />
              <Name>System.Int32 Nzr.Orm.Core.Dao::Update(Nzr.Orm.Core.Sql.Set,Nzr.Orm.Core.Sql.Where,System.Nullable`1&lt;System.Int32&gt;)</Name>
              <FileRef uid="2" />
              <SequencePoints>
                <SequencePoint vc="4" uspid="378" ordinal="0" sl="378" sc="1" el="378" ec="2" bec="0" bev="0" fileid="2" />
                <SequencePoint vc="4" uspid="380" ordinal="1" sl="380" sc="1" el="380" ec="2" bec="0" bev="0" fileid="2" />
                <SequencePoint vc="4" uspid="381" ordinal="2" sl="381" sc="1" el="381" ec="2" bec="0" bev="0" fileid="2" />
                <SequencePoint vc="4" uspid="382" ordinal="3" sl="382" sc="1" el="382" ec="2" bec="0" bev="0" fileid="2" />
                <SequencePoint vc="4" uspid="383" ordinal="4" sl="383" sc="1" el="383" ec="2" bec="0" bev="0" fileid="2" />
                <SequencePoint vc="4" uspid="384" ordinal="5" sl="384" sc="1" el="384" ec="2" bec="0" bev="0" fileid="2" />
                <SequencePoint vc="1" uspid="386" ordinal="6" sl="386" sc="1" el="386" ec="2" bec="0" bev="0" fileid="2" />
                <SequencePoint vc="1" uspid="387" ordinal="7" sl="387" sc="1" el="387" ec="2" bec="0" bev="0" fileid="2" />
                <SequencePoint vc="1" uspid="388" ordinal="8" sl="388" sc="1" el="388" ec="2" bec="0" bev="0" fileid="2" />
                <SequencePoint vc="0" uspid="389" ordinal="9" sl="389" sc="1" el="389" ec="2" bec="0" bev="0" fileid="2" />
                <SequencePoint vc="0" uspid="390" ordinal="10" sl="390" sc="1" el="390" ec="2" bec="0" bev="0" fileid="2" />
                <SequencePoint vc="0" uspid="391" ordinal="11" sl="391" sc="1" el="391" ec="2" bec="0" bev="0" fileid="2" />
                <SequencePoint vc="1" uspid="393" ordinal="12" sl="393" sc="1" el="393" ec="2" bec="0" bev="0" fileid="2" />
                <SequencePoint vc="3" uspid="395" ordinal="13" sl="395" sc="1" el="395" ec="2" bec="0" bev="0" fileid="2" />
              </SequencePoints>
              <BranchPoints>
                <BranchPoint vc="0" uspid="382" ordinal="0" path="0" offset="21" offsetend="23" sl="382" fileid="2" />
                <BranchPoint vc="4" uspid="382" ordinal="1" path="1" offset="21" offsetend="29" sl="382" fileid="2" />
                <BranchPoint vc="0" uspid="388" ordinal="2" path="0" offset="66" offsetend="68" sl="388" fileid="2" />
                <BranchPoint vc="0" uspid="390" ordinal="4" path="0" offset="76" offsetend="78" sl="390" fileid="2" />
                <BranchPoint vc="0" uspid="390" ordinal="5" path="1" offset="76" offsetend="81" sl="390" fileid="2" />
                <BranchPoint vc="1" uspid="388" ordinal="3" path="1" offset="66" offsetend="88" sl="388" fileid="2" />
              </BranchPoints>
              <MethodPoint vc="11" uspid="0" p8:type="SequencePoint" ordinal="18" offset="18" sc="0" sl="378" ec="1" el="395" bec="0" bev="0" fileid="2" xmlns:p8="xsi" />
            </Method>
            <Method cyclomaticComplexity="4" nPathComplexity="0" sequenceCoverage="36.36" branchCoverage="0" isConstructor="False" isGetter="False" isSetter="False" isStatic="True">
              <Summary numSequencePoints="11" visitedSequencePoints="4" numBranchPoints="4" visitedBranchPoints="0" sequenceCoverage="36.36" branchCoverage="0" maxCyclomaticComplexity="4" minCyclomaticComplexity="4" visitedClasses="0" numClasses="0" visitedMethods="1" numMethods="1" />
              <MetadataToken />
              <Name>System.Int32 Nzr.Orm.Core.Dao::Delete(System.Object,System.Nullable`1&lt;System.Int32&gt;)</Name>
              <FileRef uid="2" />
              <SequencePoints>
                <SequencePoint vc="2" uspid="404" ordinal="0" sl="404" sc="1" el="404" ec="2" bec="0" bev="0" fileid="2" />
                <SequencePoint vc="2" uspid="406" ordinal="1" sl="406" sc="1" el="406" ec="2" bec="0" bev="0" fileid="2" />
                <SequencePoint vc="2" uspid="407" ordinal="2" sl="407" sc="1" el="407" ec="2" bec="0" bev="0" fileid="2" />
                <SequencePoint vc="0" uspid="409" ordinal="3" sl="409" sc="1" el="409" ec="2" bec="0" bev="0" fileid="2" />
                <SequencePoint vc="0" uspid="410" ordinal="4" sl="410" sc="1" el="410" ec="2" bec="0" bev="0" fileid="2" />
                <SequencePoint vc="0" uspid="411" ordinal="5" sl="411" sc="1" el="411" ec="2" bec="0" bev="0" fileid="2" />
                <SequencePoint vc="0" uspid="412" ordinal="6" sl="412" sc="1" el="412" ec="2" bec="0" bev="0" fileid="2" />
                <SequencePoint vc="0" uspid="413" ordinal="7" sl="413" sc="1" el="413" ec="2" bec="0" bev="0" fileid="2" />
                <SequencePoint vc="0" uspid="414" ordinal="8" sl="414" sc="1" el="414" ec="2" bec="0" bev="0" fileid="2" />
                <SequencePoint vc="0" uspid="416" ordinal="9" sl="416" sc="1" el="416" ec="2" bec="0" bev="0" fileid="2" />
                <SequencePoint vc="2" uspid="418" ordinal="10" sl="418" sc="1" el="418" ec="2" bec="0" bev="0" fileid="2" />
              </SequencePoints>
              <BranchPoints>
                <BranchPoint vc="0" uspid="411" ordinal="0" path="0" offset="23" offsetend="25" sl="411" fileid="2" />
                <BranchPoint vc="0" uspid="413" ordinal="2" path="0" offset="33" offsetend="35" sl="413" fileid="2" />
                <BranchPoint vc="0" uspid="413" ordinal="3" path="1" offset="33" offsetend="38" sl="413" fileid="2" />
                <BranchPoint vc="0" uspid="411" ordinal="1" path="1" offset="23" offsetend="45" sl="411" fileid="2" />
              </BranchPoints>
              <MethodPoint vc="4" uspid="0" p8:type="SequencePoint" ordinal="19" offset="19" sc="0" sl="404" ec="1" el="418" bec="0" bev="0" fileid="2" xmlns:p8="xsi" />
            </Method>
            <Method cyclomaticComplexity="6" nPathComplexity="0" sequenceCoverage="76.92" branchCoverage="33.33" isConstructor="False" isGetter="False" isSetter="False" isStatic="True">
              <Summary numSequencePoints="13" visitedSequencePoints="10" numBranchPoints="6" visitedBranchPoints="2" sequenceCoverage="76.92" branchCoverage="33.33" maxCyclomaticComplexity="6" minCyclomaticComplexity="6" visitedClasses="0" numClasses="0" visitedMethods="1" numMethods="1" />
              <MetadataToken />
              <Name>System.Int32 Nzr.Orm.Core.Dao::Delete(Nzr.Orm.Core.Sql.Where,System.Nullable`1&lt;System.Int32&gt;)</Name>
              <FileRef uid="2" />
              <SequencePoints>
                <SequencePoint vc="3" uspid="427" ordinal="0" sl="427" sc="1" el="427" ec="2" bec="0" bev="0" fileid="2" />
                <SequencePoint vc="3" uspid="429" ordinal="1" sl="429" sc="1" el="429" ec="2" bec="0" bev="0" fileid="2" />
                <SequencePoint vc="3" uspid="430" ordinal="2" sl="430" sc="1" el="430" ec="2" bec="0" bev="0" fileid="2" />
                <SequencePoint vc="3" uspid="431" ordinal="3" sl="431" sc="1" el="431" ec="2" bec="0" bev="0" fileid="2" />
                <SequencePoint vc="3" uspid="432" ordinal="4" sl="432" sc="1" el="432" ec="2" bec="0" bev="0" fileid="2" />
                <SequencePoint vc="1" uspid="434" ordinal="5" sl="434" sc="1" el="434" ec="2" bec="0" bev="0" fileid="2" />
                <SequencePoint vc="1" uspid="435" ordinal="6" sl="435" sc="1" el="435" ec="2" bec="0" bev="0" fileid="2" />
                <SequencePoint vc="1" uspid="436" ordinal="7" sl="436" sc="1" el="436" ec="2" bec="0" bev="0" fileid="2" />
                <SequencePoint vc="0" uspid="437" ordinal="8" sl="437" sc="1" el="437" ec="2" bec="0" bev="0" fileid="2" />
                <SequencePoint vc="0" uspid="438" ordinal="9" sl="438" sc="1" el="438" ec="2" bec="0" bev="0" fileid="2" />
                <SequencePoint vc="0" uspid="439" ordinal="10" sl="439" sc="1" el="439" ec="2" bec="0" bev="0" fileid="2" />
                <SequencePoint vc="1" uspid="441" ordinal="11" sl="441" sc="1" el="441" ec="2" bec="0" bev="0" fileid="2" />
                <SequencePoint vc="2" uspid="443" ordinal="12" sl="443" sc="1" el="443" ec="2" bec="0" bev="0" fileid="2" />
              </SequencePoints>
              <BranchPoints>
                <BranchPoint vc="0" uspid="430" ordinal="0" path="0" offset="4" offsetend="6" sl="430" fileid="2" />
                <BranchPoint vc="3" uspid="430" ordinal="1" path="1" offset="4" offsetend="12" sl="430" fileid="2" />
                <BranchPoint vc="0" uspid="436" ordinal="2" path="0" offset="52" offsetend="54" sl="436" fileid="2" />
                <BranchPoint vc="0" uspid="438" ordinal="4" path="0" offset="62" offsetend="64" sl="438" fileid="2" />
                <BranchPoint vc="0" uspid="438" ordinal="5" path="1" offset="62" offsetend="67" sl="438" fileid="2" />
                <BranchPoint vc="1" uspid="436" ordinal="3" path="1" offset="52" offsetend="74" sl="436" fileid="2" />
              </BranchPoints>
              <MethodPoint vc="10" uspid="0" p8:type="SequencePoint" ordinal="20" offset="20" sc="0" sl="427" ec="1" el="443" bec="0" bev="0" fileid="2" xmlns:p8="xsi" />
            </Method>
            <Method cyclomaticComplexity="6" nPathComplexity="0" sequenceCoverage="46.15" branchCoverage="33.33" isConstructor="False" isGetter="False" isSetter="False" isStatic="True">
              <Summary numSequencePoints="13" visitedSequencePoints="6" numBranchPoints="6" visitedBranchPoints="2" sequenceCoverage="46.15" branchCoverage="33.33" maxCyclomaticComplexity="6" minCyclomaticComplexity="6" visitedClasses="0" numClasses="0" visitedMethods="1" numMethods="1" />
              <MetadataToken />
              <Name>U Nzr.Orm.Core.Dao::Aggregate(Nzr.Orm.Core.Sql.Aggregate,Nzr.Orm.Core.Sql.Where)</Name>
              <FileRef uid="2" />
              <SequencePoints>
                <SequencePoint vc="19" uspid="454" ordinal="0" sl="454" sc="1" el="454" ec="2" bec="0" bev="0" fileid="2" />
                <SequencePoint vc="19" uspid="456" ordinal="1" sl="456" sc="1" el="456" ec="2" bec="0" bev="0" fileid="2" />
                <SequencePoint vc="19" uspid="457" ordinal="2" sl="457" sc="1" el="457" ec="2" bec="0" bev="0" fileid="2" />
                <SequencePoint vc="19" uspid="458" ordinal="3" sl="458" sc="1" el="458" ec="2" bec="0" bev="0" fileid="2" />
                <SequencePoint vc="19" uspid="459" ordinal="4" sl="459" sc="1" el="459" ec="2" bec="0" bev="0" fileid="2" />
                <SequencePoint vc="0" uspid="461" ordinal="5" sl="461" sc="1" el="461" ec="2" bec="0" bev="0" fileid="2" />
                <SequencePoint vc="0" uspid="462" ordinal="6" sl="462" sc="1" el="462" ec="2" bec="0" bev="0" fileid="2" />
                <SequencePoint vc="0" uspid="463" ordinal="7" sl="463" sc="1" el="463" ec="2" bec="0" bev="0" fileid="2" />
                <SequencePoint vc="0" uspid="464" ordinal="8" sl="464" sc="1" el="464" ec="2" bec="0" bev="0" fileid="2" />
                <SequencePoint vc="0" uspid="465" ordinal="9" sl="465" sc="1" el="465" ec="2" bec="0" bev="0" fileid="2" />
                <SequencePoint vc="0" uspid="466" ordinal="10" sl="466" sc="1" el="466" ec="2" bec="0" bev="0" fileid="2" />
                <SequencePoint vc="0" uspid="468" ordinal="11" sl="468" sc="1" el="468" ec="2" bec="0" bev="0" fileid="2" />
                <SequencePoint vc="19" uspid="470" ordinal="12" sl="470" sc="1" el="470" ec="2" bec="0" bev="0" fileid="2" />
              </SequencePoints>
              <BranchPoints>
                <BranchPoint vc="5" uspid="457" ordinal="0" path="0" offset="4" offsetend="6" sl="457" fileid="2" />
                <BranchPoint vc="19" uspid="457" ordinal="1" path="1" offset="4" offsetend="12" sl="457" fileid="2" />
                <BranchPoint vc="0" uspid="463" ordinal="2" path="0" offset="52" offsetend="54" sl="463" fileid="2" />
                <BranchPoint vc="0" uspid="465" ordinal="4" path="0" offset="62" offsetend="64" sl="465" fileid="2" />
                <BranchPoint vc="0" uspid="465" ordinal="5" path="1" offset="62" offsetend="67" sl="465" fileid="2" />
                <BranchPoint vc="0" uspid="463" ordinal="3" path="1" offset="52" offsetend="74" sl="463" fileid="2" />
              </BranchPoints>
              <MethodPoint vc="6" uspid="0" p8:type="SequencePoint" ordinal="21" offset="21" sc="0" sl="454" ec="1" el="470" bec="0" bev="0" fileid="2" xmlns:p8="xsi" />
            </Method>
            <Method cyclomaticComplexity="4" nPathComplexity="0" sequenceCoverage="36.36" branchCoverage="0" isConstructor="False" isGetter="False" isSetter="False" isStatic="True">
              <Summary numSequencePoints="11" visitedSequencePoints="4" numBranchPoints="4" visitedBranchPoints="0" sequenceCoverage="36.36" branchCoverage="0" maxCyclomaticComplexity="4" minCyclomaticComplexity="4" visitedClasses="0" numClasses="0" visitedMethods="1" numMethods="1" />
              <MetadataToken />
              <Name>System.Collections.Generic.IList`1&lt;System.Object&gt; Nzr.Orm.Core.Dao::ExecuteQuery(System.String,Nzr.Orm.Core.Sql.Parameters)</Name>
              <FileRef uid="2" />
              <SequencePoints>
                <SequencePoint vc="1" uspid="479" ordinal="0" sl="479" sc="1" el="479" ec="2" bec="0" bev="0" fileid="2" />
                <SequencePoint vc="1" uspid="481" ordinal="1" sl="481" sc="1" el="481" ec="2" bec="0" bev="0" fileid="2" />
                <SequencePoint vc="1" uspid="482" ordinal="2" sl="482" sc="1" el="482" ec="2" bec="0" bev="0" fileid="2" />
                <SequencePoint vc="0" uspid="484" ordinal="3" sl="484" sc="1" el="484" ec="2" bec="0" bev="0" fileid="2" />
                <SequencePoint vc="0" uspid="485" ordinal="4" sl="485" sc="1" el="485" ec="2" bec="0" bev="0" fileid="2" />
                <SequencePoint vc="0" uspid="486" ordinal="5" sl="486" sc="1" el="486" ec="2" bec="0" bev="0" fileid="2" />
                <SequencePoint vc="0" uspid="487" ordinal="6" sl="487" sc="1" el="487" ec="2" bec="0" bev="0" fileid="2" />
                <SequencePoint vc="0" uspid="488" ordinal="7" sl="488" sc="1" el="488" ec="2" bec="0" bev="0" fileid="2" />
                <SequencePoint vc="0" uspid="489" ordinal="8" sl="489" sc="1" el="489" ec="2" bec="0" bev="0" fileid="2" />
                <SequencePoint vc="0" uspid="491" ordinal="9" sl="491" sc="1" el="491" ec="2" bec="0" bev="0" fileid="2" />
                <SequencePoint vc="1" uspid="493" ordinal="10" sl="493" sc="1" el="493" ec="2" bec="0" bev="0" fileid="2" />
              </SequencePoints>
              <BranchPoints>
                <BranchPoint vc="0" uspid="486" ordinal="0" path="0" offset="24" offsetend="26" sl="486" fileid="2" />
                <BranchPoint vc="0" uspid="488" ordinal="2" path="0" offset="34" offsetend="36" sl="488" fileid="2" />
                <BranchPoint vc="0" uspid="488" ordinal="3" path="1" offset="34" offsetend="39" sl="488" fileid="2" />
                <BranchPoint vc="0" uspid="486" ordinal="1" path="1" offset="24" offsetend="46" sl="486" fileid="2" />
              </BranchPoints>
              <MethodPoint vc="4" uspid="0" p8:type="SequencePoint" ordinal="22" offset="22" sc="0" sl="479" ec="1" el="493" bec="0" bev="0" fileid="2" xmlns:p8="xsi" />
            </Method>
            <Method cyclomaticComplexity="6" nPathComplexity="0" sequenceCoverage="0" branchCoverage="0" isConstructor="False" isGetter="False" isSetter="False" isStatic="True">
              <Summary numSequencePoints="11" visitedSequencePoints="0" numBranchPoints="6" visitedBranchPoints="0" sequenceCoverage="0" branchCoverage="0" maxCyclomaticComplexity="6" minCyclomaticComplexity="6" visitedClasses="0" numClasses="0" visitedMethods="0" numMethods="1" />
              <MetadataToken />
              <Name>System.Int32 Nzr.Orm.Core.Dao::ExecuteNonQuery(System.String,Nzr.Orm.Core.Sql.Parameters,System.Nullable`1&lt;System.Int32&gt;)</Name>
              <FileRef uid="2" />
              <SequencePoints>
                <SequencePoint vc="0" uspid="503" ordinal="0" sl="503" sc="1" el="503" ec="2" bec="0" bev="0" fileid="2" />
                <SequencePoint vc="0" uspid="505" ordinal="1" sl="505" sc="1" el="505" ec="2" bec="0" bev="0" fileid="2" />
                <SequencePoint vc="0" uspid="506" ordinal="2" sl="506" sc="1" el="506" ec="2" bec="0" bev="0" fileid="2" />
                <SequencePoint vc="0" uspid="508" ordinal="3" sl="508" sc="1" el="508" ec="2" bec="0" bev="0" fileid="2" />
                <SequencePoint vc="0" uspid="509" ordinal="4" sl="509" sc="1" el="509" ec="2" bec="0" bev="0" fileid="2" />
                <SequencePoint vc="0" uspid="510" ordinal="5" sl="510" sc="1" el="510" ec="2" bec="0" bev="0" fileid="2" />
                <SequencePoint vc="0" uspid="511" ordinal="6" sl="511" sc="1" el="511" ec="2" bec="0" bev="0" fileid="2" />
                <SequencePoint vc="0" uspid="512" ordinal="7" sl="512" sc="1" el="512" ec="2" bec="0" bev="0" fileid="2" />
                <SequencePoint vc="0" uspid="513" ordinal="8" sl="513" sc="1" el="513" ec="2" bec="0" bev="0" fileid="2" />
                <SequencePoint vc="0" uspid="515" ordinal="9" sl="515" sc="1" el="515" ec="2" bec="0" bev="0" fileid="2" />
                <SequencePoint vc="0" uspid="517" ordinal="10" sl="517" sc="1" el="517" ec="2" bec="0" bev="0" fileid="2" />
              </SequencePoints>
              <BranchPoints>
                <BranchPoint vc="0" uspid="506" ordinal="1" path="1" offset="7" offsetend="11" sl="506" fileid="2" />
                <BranchPoint vc="0" uspid="506" ordinal="0" path="0" offset="7" offsetend="47" sl="506" fileid="2" />
                <BranchPoint vc="0" uspid="510" ordinal="2" path="0" offset="89" offsetend="91" sl="510" fileid="2" />
                <BranchPoint vc="0" uspid="512" ordinal="4" path="0" offset="99" offsetend="101" sl="512" fileid="2" />
                <BranchPoint vc="0" uspid="512" ordinal="5" path="1" offset="99" offsetend="104" sl="512" fileid="2" />
                <BranchPoint vc="0" uspid="510" ordinal="3" path="1" offset="89" offsetend="111" sl="510" fileid="2" />
              </BranchPoints>
              <MethodPoint vc="0" uspid="0" p8:type="SequencePoint" ordinal="23" offset="23" sc="0" sl="503" ec="1" el="517" bec="0" bev="0" fileid="2" xmlns:p8="xsi" />
            </Method>
            <Method cyclomaticComplexity="14" nPathComplexity="0" sequenceCoverage="100" branchCoverage="100" isConstructor="False" isGetter="False" isSetter="False" isStatic="True">
              <Summary numSequencePoints="21" visitedSequencePoints="21" numBranchPoints="14" visitedBranchPoints="14" sequenceCoverage="100" branchCoverage="100" maxCyclomaticComplexity="14" minCyclomaticComplexity="14" visitedClasses="0" numClasses="0" visitedMethods="1" numMethods="1" />
              <MetadataToken />
              <Name>System.Object Nzr.Orm.Core.Dao::DoExecuteNonQuery(System.String,Nzr.Orm.Core.Sql.Parameters,System.Nullable`1&lt;System.Int32&gt;)</Name>
              <FileRef uid="2" />
              <SequencePoints>
                <SequencePoint vc="143" uspid="524" ordinal="0" sl="524" sc="1" el="524" ec="2" bec="0" bev="0" fileid="2" />
                <SequencePoint vc="143" uspid="526" ordinal="1" sl="526" sc="1" el="526" ec="2" bec="0" bev="0" fileid="2" />
                <SequencePoint vc="143" uspid="527" ordinal="2" sl="527" sc="1" el="527" ec="2" bec="0" bev="0" fileid="2" />
                <SequencePoint vc="143" uspid="530" ordinal="3" sl="530" sc="1" el="530" ec="2" bec="0" bev="0" fileid="2" />
                <SequencePoint vc="143" uspid="531" ordinal="4" sl="531" sc="1" el="531" ec="2" bec="0" bev="0" fileid="2" />
                <SequencePoint vc="143" uspid="532" ordinal="5" sl="532" sc="1" el="532" ec="2" bec="0" bev="0" fileid="2" />
                <SequencePoint vc="143" uspid="533" ordinal="6" sl="533" sc="1" el="533" ec="2" bec="0" bev="0" fileid="2" />
                <SequencePoint vc="143" uspid="534" ordinal="7" sl="534" sc="1" el="534" ec="2" bec="0" bev="0" fileid="2" />
                <SequencePoint vc="143" uspid="536" ordinal="8" sl="536" sc="1" el="536" ec="2" bec="0" bev="0" fileid="2" />
                <SequencePoint vc="143" uspid="538" ordinal="9" sl="538" sc="1" el="538" ec="2" bec="0" bev="0" fileid="2" />
                <SequencePoint vc="2" uspid="539" ordinal="10" sl="539" sc="1" el="539" ec="2" bec="0" bev="0" fileid="2" />
                <SequencePoint vc="2" uspid="540" ordinal="11" sl="540" sc="1" el="540" ec="2" bec="0" bev="0" fileid="2" />
                <SequencePoint vc="141" uspid="543" ordinal="12" sl="543" sc="1" el="543" ec="2" bec="0" bev="0" fileid="2" />
                <SequencePoint vc="2" uspid="545" ordinal="13" sl="545" sc="1" el="545" ec="2" bec="0" bev="0" fileid="2" />
                <SequencePoint vc="2" uspid="546" ordinal="14" sl="546" sc="1" el="546" ec="2" bec="0" bev="0" fileid="2" />
                <SequencePoint vc="2" uspid="547" ordinal="15" sl="547" sc="1" el="547" ec="2" bec="0" bev="0" fileid="2" />
                <SequencePoint vc="2" uspid="549" ordinal="16" sl="549" sc="1" el="549" ec="2" bec="0" bev="0" fileid="2" />
                <SequencePoint vc="143" uspid="552" ordinal="17" sl="552" sc="1" el="552" ec="2" bec="0" bev="0" fileid="2" />
                <SequencePoint vc="143" uspid="553" ordinal="18" sl="553" sc="1" el="553" ec="2" bec="0" bev="0" fileid="2" />
                <SequencePoint vc="143" uspid="554" ordinal="19" sl="554" sc="1" el="554" ec="2" bec="0" bev="0" fileid="2" />
                <SequencePoint vc="141" uspid="555" ordinal="20" sl="555" sc="1" el="555" ec="2" bec="0" bev="0" fileid="2" />
              </SequencePoints>
              <BranchPoints>
                <BranchPoint vc="15" uspid="533" ordinal="0" path="0" offset="34" offsetend="36" sl="533" fileid="2" />
                <BranchPoint vc="128" uspid="533" ordinal="1" path="1" offset="34" offsetend="49" sl="533" fileid="2" />
                <BranchPoint vc="1" uspid="536" ordinal="3" path="1" offset="75" offsetend="79" sl="536" fileid="2" />
                <BranchPoint vc="143" uspid="536" ordinal="2" path="0" offset="75" offsetend="161" sl="536" fileid="2" />
                <BranchPoint vc="1" uspid="538" ordinal="5" path="1" offset="191" offsetend="195" sl="538" fileid="2" />
                <BranchPoint vc="143" uspid="538" ordinal="4" path="0" offset="191" offsetend="239" sl="538" fileid="2" />
                <BranchPoint vc="2" uspid="538" ordinal="6" path="0" offset="265" offsetend="270" sl="538" fileid="2" />
                <BranchPoint vc="1" uspid="538" ordinal="9" path="1" offset="275" offsetend="279" sl="538" fileid="2" />
                <BranchPoint vc="2" uspid="538" ordinal="8" path="0" offset="275" offsetend="332" sl="538" fileid="2" />
                <BranchPoint vc="1" uspid="538" ordinal="11" path="1" offset="354" offsetend="358" sl="538" fileid="2" />
                <BranchPoint vc="2" uspid="538" ordinal="10" path="0" offset="354" offsetend="412" sl="538" fileid="2" />
                <BranchPoint vc="141" uspid="538" ordinal="7" path="1" offset="265" offsetend="441" sl="538" fileid="2" />
                <BranchPoint vc="2" uspid="538" ordinal="12" path="0" offset="455" offsetend="457" sl="538" fileid="2" />
                <BranchPoint vc="141" uspid="538" ordinal="13" path="1" offset="455" offsetend="481" sl="538" fileid="2" />
              </BranchPoints>
              <MethodPoint vc="21" uspid="0" p8:type="SequencePoint" ordinal="24" offset="24" sc="0" sl="524" ec="1" el="555" bec="0" bev="0" fileid="2" xmlns:p8="xsi" />
            </Method>
            <Method cyclomaticComplexity="8" nPathComplexity="0" sequenceCoverage="87.87" branchCoverage="100" isConstructor="False" isGetter="False" isSetter="False" isStatic="True">
              <Summary numSequencePoints="33" visitedSequencePoints="29" numBranchPoints="8" visitedBranchPoints="8" sequenceCoverage="87.87" branchCoverage="100" maxCyclomaticComplexity="8" minCyclomaticComplexity="8" visitedClasses="0" numClasses="0" visitedMethods="1" numMethods="1" />
              <MetadataToken />
              <Name>System.Collections.Generic.IList`1&lt;T&gt; Nzr.Orm.Core.Dao::DoExecuteQuery(System.String,Nzr.Orm.Core.Sql.Parameters,System.Boolean)</Name>
              <FileRef uid="2" />
              <SequencePoints>
                <SequencePoint vc="47" uspid="558" ordinal="0" sl="558" sc="1" el="558" ec="2" bec="0" bev="0" fileid="2" />
                <SequencePoint vc="47" uspid="560" ordinal="1" sl="560" sc="1" el="560" ec="2" bec="0" bev="0" fileid="2" />
                <SequencePoint vc="47" uspid="561" ordinal="2" sl="561" sc="1" el="561" ec="2" bec="0" bev="0" fileid="2" />
                <SequencePoint vc="47" uspid="562" ordinal="3" sl="562" sc="1" el="562" ec="2" bec="0" bev="0" fileid="2" />
                <SequencePoint vc="47" uspid="564" ordinal="4" sl="564" sc="1" el="564" ec="2" bec="0" bev="0" fileid="2" />
                <SequencePoint vc="47" uspid="565" ordinal="5" sl="565" sc="1" el="565" ec="2" bec="0" bev="0" fileid="2" />
                <SequencePoint vc="47" uspid="566" ordinal="6" sl="566" sc="1" el="566" ec="2" bec="0" bev="0" fileid="2" />
                <SequencePoint vc="47" uspid="567" ordinal="7" sl="567" sc="1" el="567" ec="2" bec="0" bev="0" fileid="2" />
                <SequencePoint vc="113" uspid="569" ordinal="8" sl="569" sc="1" el="569" ec="2" bec="0" bev="0" fileid="2" />
                <SequencePoint vc="66" uspid="570" ordinal="9" sl="570" sc="1" el="570" ec="2" bec="0" bev="0" fileid="2" />
                <SequencePoint vc="66" uspid="571" ordinal="10" sl="571" sc="1" el="571" ec="2" bec="0" bev="0" fileid="2" />
                <SequencePoint vc="3" uspid="572" ordinal="11" sl="572" sc="1" el="572" ec="2" bec="0" bev="0" fileid="2" />
                <SequencePoint vc="3" uspid="573" ordinal="12" sl="573" sc="1" el="573" ec="2" bec="0" bev="0" fileid="2" />
                <SequencePoint vc="3" uspid="574" ordinal="13" sl="574" sc="1" el="574" ec="2" bec="0" bev="0" fileid="2" />
                <SequencePoint vc="3" uspid="575" ordinal="14" sl="575" sc="1" el="575" ec="2" bec="0" bev="0" fileid="2" />
                <SequencePoint vc="63" uspid="577" ordinal="15" sl="577" sc="1" el="577" ec="2" bec="0" bev="0" fileid="2" />
                <SequencePoint vc="63" uspid="578" ordinal="16" sl="578" sc="1" el="578" ec="2" bec="0" bev="0" fileid="2" />
                <SequencePoint vc="63" uspid="580" ordinal="17" sl="580" sc="1" el="580" ec="2" bec="0" bev="0" fileid="2" />
                <SequencePoint vc="63" uspid="581" ordinal="18" sl="581" sc="1" el="581" ec="2" bec="0" bev="0" fileid="2" />
                <SequencePoint vc="63" uspid="582" ordinal="19" sl="582" sc="1" el="582" ec="2" bec="0" bev="0" fileid="2" />
                <SequencePoint vc="63" uspid="583" ordinal="20" sl="583" sc="1" el="583" ec="2" bec="0" bev="0" fileid="2" />
                <SequencePoint vc="63" uspid="584" ordinal="21" sl="584" sc="1" el="584" ec="2" bec="0" bev="0" fileid="2" />
                <SequencePoint vc="66" uspid="585" ordinal="22" sl="585" sc="1" el="585" ec="2" bec="0" bev="0" fileid="2" />
                <SequencePoint vc="47" uspid="586" ordinal="23" sl="586" sc="1" el="586" ec="2" bec="0" bev="0" fileid="2" />
                <SequencePoint vc="47" uspid="588" ordinal="24" sl="588" sc="1" el="588" ec="2" bec="0" bev="0" fileid="2" />
                <SequencePoint vc="0" uspid="590" ordinal="25" sl="590" sc="1" el="590" ec="2" bec="0" bev="0" fileid="2" />
                <SequencePoint vc="0" uspid="591" ordinal="26" sl="591" sc="1" el="591" ec="2" bec="0" bev="0" fileid="2" />
                <SequencePoint vc="0" uspid="592" ordinal="27" sl="592" sc="1" el="592" ec="2" bec="0" bev="0" fileid="2" />
                <SequencePoint vc="0" uspid="594" ordinal="28" sl="594" sc="1" el="594" ec="2" bec="0" bev="0" fileid="2" />
                <SequencePoint vc="47" uspid="597" ordinal="29" sl="597" sc="1" el="597" ec="2" bec="0" bev="0" fileid="2" />
                <SequencePoint vc="47" uspid="598" ordinal="30" sl="598" sc="1" el="598" ec="2" bec="0" bev="0" fileid="2" />
                <SequencePoint vc="47" uspid="599" ordinal="31" sl="599" sc="1" el="599" ec="2" bec="0" bev="0" fileid="2" />
[...]
              </SequencePoints>
              <BranchPoints>
                <BranchPoint vc="0" uspid="15" ordinal="0" path="0" offset="8" offsetend="10" sl="15" fileid="22" />
                <BranchPoint vc="3" uspid="15" ordinal="1" path="1" offset="8" offsetend="27" sl="15" fileid="22" />
              </BranchPoints>
              <MethodPoint vc="4" uspid="0" p8:type="SequencePoint" ordinal="1" offset="1" sc="0" sl="14" ec="1" el="17" bec="0" bev="0" fileid="22" xmlns:p8="xsi" />
            </Method>
            <Method cyclomaticComplexity="1" nPathComplexity="0" sequenceCoverage="100" branchCoverage="100" isConstructor="True" isGetter="False" isSetter="False" isStatic="True">
              <Summary numSequencePoints="1" visitedSequencePoints="1" numBranchPoints="0" visitedBranchPoints="0" sequenceCoverage="100" branchCoverage="100" maxCyclomaticComplexity="1" minCyclomaticComplexity="1" visitedClasses="0" numClasses="0" visitedMethods="1" numMethods="1" />
              <MetadataToken />
              <Name>System.Void Nzr.Orm.Core.Connection.DefaultConnectionManager::.ctor(System.String)</Name>
              <FileRef uid="22" />
              <SequencePoints>
                <SequencePoint vc="6" uspid="11" ordinal="0" sl="11" sc="1" el="11" ec="2" bec="0" bev="0" fileid="22" />
              </SequencePoints>
              <BranchPoints />
              <MethodPoint vc="1" uspid="0" p8:type="SequencePoint" ordinal="2" offset="2" sc="0" sl="11" ec="1" el="11" bec="0" bev="0" fileid="22" xmlns:p8="xsi" />
            </Method>
          </Methods>
        </Class>
        <Class>
          <Summary numSequencePoints="2" visitedSequencePoints="2" numBranchPoints="0" visitedBranchPoints="0" sequenceCoverage="100" branchCoverage="100" maxCyclomaticComplexity="1" minCyclomaticComplexity="1" visitedClasses="1" numClasses="1" visitedMethods="2" numMethods="2" />
          <FullName>Nzr.Orm.Core.Attributes.BaseAttribute</FullName>
          <Methods>
            <Method cyclomaticComplexity="1" nPathComplexity="0" sequenceCoverage="100" branchCoverage="100" isConstructor="False" isGetter="True" isSetter="False" isStatic="True">
              <Summary numSequencePoints="1" visitedSequencePoints="1" numBranchPoints="0" visitedBranchPoints="0" sequenceCoverage="100" branchCoverage="100" maxCyclomaticComplexity="1" minCyclomaticComplexity="1" visitedClasses="0" numClasses="0" visitedMethods="1" numMethods="1" />
              <MetadataToken />
              <Name>System.String Nzr.Orm.Core.Attributes.BaseAttribute::get_Name()</Name>
              <FileRef uid="23" />
              <SequencePoints>
                <SequencePoint vc="5328" uspid="13" ordinal="0" sl="13" sc="1" el="13" ec="2" bec="0" bev="0" fileid="23" />
              </SequencePoints>
              <BranchPoints />
              <MethodPoint vc="1" uspid="0" p8:type="SequencePoint" ordinal="0" offset="0" sc="0" sl="13" ec="1" el="13" bec="0" bev="0" fileid="23" xmlns:p8="xsi" />
            </Method>
            <Method cyclomaticComplexity="1" nPathComplexity="0" sequenceCoverage="100" branchCoverage="100" isConstructor="True" isGetter="False" isSetter="False" isStatic="True">
              <Summary numSequencePoints="1" visitedSequencePoints="1" numBranchPoints="0" visitedBranchPoints="0" sequenceCoverage="100" branchCoverage="100" maxCyclomaticComplexity="1" minCyclomaticComplexity="1" visitedClasses="0" numClasses="0" visitedMethods="1" numMethods="1" />
              <MetadataToken />
              <Name>System.Void Nzr.Orm.Core.Attributes.BaseAttribute::.ctor(System.String)</Name>
              <FileRef uid="23" />
              <SequencePoints>
                <SequencePoint vc="11430" uspid="19" ordinal="0" sl="19" sc="1" el="19" ec="2" bec="0" bev="0" fileid="23" />
              </SequencePoints>
              <BranchPoints />
              <MethodPoint vc="1" uspid="0" p8:type="SequencePoint" ordinal="1" offset="1" sc="0" sl="19" ec="1" el="19" bec="0" bev="0" fileid="23" xmlns:p8="xsi" />
            </Method>
          </Methods>
        </Class>
        <Class>
          <Summary numSequencePoints="9" visitedSequencePoints="9" numBranchPoints="0" visitedBranchPoints="0" sequenceCoverage="100" branchCoverage="100" maxCyclomaticComplexity="1" minCyclomaticComplexity="1" visitedClasses="1" numClasses="1" visitedMethods="4" numMethods="4" />
          <FullName>Nzr.Orm.Core.Attributes.ColumnAttribute</FullName>
          <Methods>
            <Method cyclomaticComplexity="1" nPathComplexity="0" sequenceCoverage="100" branchCoverage="100" isConstructor="False" isGetter="True" isSetter="False" isStatic="True">
              <Summary numSequencePoints="1" visitedSequencePoints="1" numBranchPoints="0" visitedBranchPoints="0" sequenceCoverage="100" branchCoverage="100" maxCyclomaticComplexity="1" minCyclomaticComplexity="1" visitedClasses="0" numClasses="0" visitedMethods="1" numMethods="1" />
              <MetadataToken />
              <Name>System.Int32 Nzr.Orm.Core.Attributes.ColumnAttribute::get_Order()</Name>
              <FileRef uid="24" />
              <SequencePoints>
                <SequencePoint vc="8" uspid="14" ordinal="0" sl="14" sc="1" el="14" ec="2" bec="0" bev="0" fileid="24" />
              </SequencePoints>
              <BranchPoints />
              <MethodPoint vc="1" uspid="0" p8:type="SequencePoint" ordinal="0" offset="0" sc="0" sl="14" ec="1" el="14" bec="0" bev="0" fileid="24" xmlns:p8="xsi" />
            </Method>
            <Method cyclomaticComplexity="1" nPathComplexity="0" sequenceCoverage="100" branchCoverage="100" isConstructor="False" isGetter="True" isSetter="False" isStatic="True">
              <Summary numSequencePoints="1" visitedSequencePoints="1" numBranchPoints="0" visitedBranchPoints="0" sequenceCoverage="100" branchCoverage="100" maxCyclomaticComplexity="1" minCyclomaticComplexity="1" visitedClasses="0" numClasses="0" visitedMethods="1" numMethods="1" />
              <MetadataToken />
              <Name>System.String Nzr.Orm.Core.Attributes.ColumnAttribute::get_TypeName()</Name>
              <FileRef uid="24" />
              <SequencePoints>
                <SequencePoint vc="3924" uspid="19" ordinal="0" sl="19" sc="1" el="19" ec="2" bec="0" bev="0" fileid="24" />
              </SequencePoints>
              <BranchPoints />
              <MethodPoint vc="1" uspid="0" p8:type="SequencePoint" ordinal="1" offset="1" sc="0" sl="19" ec="1" el="19" bec="0" bev="0" fileid="24" xmlns:p8="xsi" />
            </Method>
            <Method cyclomaticComplexity="1" nPathComplexity="0" sequenceCoverage="100" branchCoverage="100" isConstructor="False" isGetter="True" isSetter="False" isStatic="True">
              <Summary numSequencePoints="1" visitedSequencePoints="1" numBranchPoints="0" visitedBranchPoints="0" sequenceCoverage="100" branchCoverage="100" maxCyclomaticComplexity="1" minCyclomaticComplexity="1" visitedClasses="0" numClasses="0" visitedMethods="1" numMethods="1" />
              <MetadataToken />
              <Name>System.Boolean Nzr.Orm.Core.Attributes.ColumnAttribute::get_Serialize()</Name>
              <FileRef uid="24" />
              <SequencePoints>
                <SequencePoint vc="4074" uspid="24" ordinal="0" sl="24" sc="1" el="24" ec="2" bec="0" bev="0" fileid="24" />
              </SequencePoints>
              <BranchPoints />
              <MethodPoint vc="1" uspid="0" p8:type="SequencePoint" ordinal="2" offset="2" sc="0" sl="24" ec="1" el="24" bec="0" bev="0" fileid="24" xmlns:p8="xsi" />
            </Method>
            <Method cyclomaticComplexity="1" nPathComplexity="0" sequenceCoverage="100" branchCoverage="100" isConstructor="True" isGetter="False" isSetter="False" isStatic="True">
              <Summary numSequencePoints="6" visitedSequencePoints="6" numBranchPoints="0" visitedBranchPoints="0" sequenceCoverage="100" branchCoverage="100" maxCyclomaticComplexity="1" minCyclomaticComplexity="1" visitedClasses="0" numClasses="0" visitedMethods="1" numMethods="1" />
              <MetadataToken />
              <Name>System.Void Nzr.Orm.Core.Attributes.ColumnAttribute::.ctor(System.String,System.Int32,System.String,System.Boolean)</Name>
              <FileRef uid="24" />
              <SequencePoints>
                <SequencePoint vc="3913" uspid="33" ordinal="0" sl="33" sc="1" el="33" ec="2" bec="0" bev="0" fileid="24" />
                <SequencePoint vc="3913" uspid="34" ordinal="1" sl="34" sc="1" el="34" ec="2" bec="0" bev="0" fileid="24" />
                <SequencePoint vc="3913" uspid="35" ordinal="2" sl="35" sc="1" el="35" ec="2" bec="0" bev="0" fileid="24" />
                <SequencePoint vc="3913" uspid="36" ordinal="3" sl="36" sc="1" el="36" ec="2" bec="0" bev="0" fileid="24" />
                <SequencePoint vc="3913" uspid="37" ordinal="4" sl="37" sc="1" el="37" ec="2" bec="0" bev="0" fileid="24" />
                <SequencePoint vc="3913" uspid="38" ordinal="5" sl="38" sc="1" el="38" ec="2" bec="0" bev="0" fileid="24" />
              </SequencePoints>
              <BranchPoints />
              <MethodPoint vc="6" uspid="0" p8:type="SequencePoint" ordinal="3" offset="3" sc="0" sl="33" ec="1" el="38" bec="0" bev="0" fileid="24" xmlns:p8="xsi" />
            </Method>
          </Methods>
        </Class>
        <Class>
          <Summary numSequencePoints="10" visitedSequencePoints="10" numBranchPoints="0" visitedBranchPoints="0" sequenceCoverage="100" branchCoverage="100" maxCyclomaticComplexity="1" minCyclomaticComplexity="1" visitedClasses="1" numClasses="1" visitedMethods="4" numMethods="4" />
          <FullName>Nzr.Orm.Core.Attributes.ForeignKeyAttribute</FullName>
          <Methods>
            <Method cyclomaticComplexity="1" nPathComplexity="0" sequenceCoverage="100" branchCoverage="100" isConstructor="False" isGetter="True" isSetter="False" isStatic="True">
              <Summary numSequencePoints="1" visitedSequencePoints="1" numBranchPoints="0" visitedBranchPoints="0" sequenceCoverage="100" branchCoverage="100" maxCyclomaticComplexity="1" minCyclomaticComplexity="1" visitedClasses="0" numClasses="0" visitedMethods="1" numMethods="1" />
              <MetadataToken />
              <Name>Nzr.Orm.Core.Attributes.ForeignKeyAttribute/JoinType Nzr.Orm.Core.Attributes.ForeignKeyAttribute::get_Join()</Name>
              <FileRef uid="25" />
              <SequencePoints>
                <SequencePoint vc="96" uspid="15" ordinal="0" sl="15" sc="1" el="15" ec="2" bec="0" bev="0" fileid="25" />
              </SequencePoints>
              <BranchPoints />
              <MethodPoint vc="1" uspid="0" p8:type="SequencePoint" ordinal="0" offset="0" sc="0" sl="15" ec="1" el="15" bec="0" bev="0" fileid="25" xmlns:p8="xsi" />
            </Method>
            <Method cyclomaticComplexity="1" nPathComplexity="0" sequenceCoverage="100" branchCoverage="100" isConstructor="False" isGetter="True" isSetter="False" isStatic="True">
              <Summary numSequencePoints="1" visitedSequencePoints="1" numBranchPoints="0" visitedBranchPoints="0" sequenceCoverage="100" branchCoverage="100" maxCyclomaticComplexity="1" minCyclomaticComplexity="1" visitedClasses="0" numClasses="0" visitedMethods="1" numMethods="1" />
              <MetadataToken />
              <Name>System.String Nzr.Orm.Core.Attributes.ForeignKeyAttribute::get_JoinPropertyName()</Name>
              <FileRef uid="25" />
              <SequencePoints>
                <SequencePoint vc="388" uspid="40" ordinal="0" sl="40" sc="1" el="40" ec="2" bec="0" bev="0" fileid="25" />
              </SequencePoints>
              <BranchPoints />
              <MethodPoint vc="1" uspid="0" p8:type="SequencePoint" ordinal="1" offset="1" sc="0" sl="40" ec="1" el="40" bec="0" bev="0" fileid="25" xmlns:p8="xsi" />
            </Method>
            <Method cyclomaticComplexity="1" nPathComplexity="0" sequenceCoverage="100" branchCoverage="100" isConstructor="True" isGetter="False" isSetter="False" isStatic="True">
              <Summary numSequencePoints="5" visitedSequencePoints="5" numBranchPoints="0" visitedBranchPoints="0" sequenceCoverage="100" branchCoverage="100" maxCyclomaticComplexity="1" minCyclomaticComplexity="1" visitedClasses="0" numClasses="0" visitedMethods="1" numMethods="1" />
              <MetadataToken />
              <Name>System.Void Nzr.Orm.Core.Attributes.ForeignKeyAttribute::.ctor(System.String,Nzr.Orm.Core.Attributes.ForeignKeyAttribute/JoinType,System.String)</Name>
              <FileRef uid="25" />
              <SequencePoints>
                <SequencePoint vc="3018" uspid="48" ordinal="0" sl="48" sc="1" el="48" ec="2" bec="0" bev="0" fileid="25" />
                <SequencePoint vc="3018" uspid="49" ordinal="1" sl="49" sc="1" el="49" ec="2" bec="0" bev="0" fileid="25" />
                <SequencePoint vc="3018" uspid="50" ordinal="2" sl="50" sc="1" el="50" ec="2" bec="0" bev="0" fileid="25" />
                <SequencePoint vc="3018" uspid="51" ordinal="3" sl="51" sc="1" el="51" ec="2" bec="0" bev="0" fileid="25" />
                <SequencePoint vc="3018" uspid="52" ordinal="4" sl="52" sc="1" el="52" ec="2" bec="0" bev="0" fileid="25" />
              </SequencePoints>
              <BranchPoints />
              <MethodPoint vc="5" uspid="0" p8:type="SequencePoint" ordinal="2" offset="2" sc="0" sl="48" ec="1" el="52" bec="0" bev="0" fileid="25" xmlns:p8="xsi" />
            </Method>
            <Method cyclomaticComplexity="1" nPathComplexity="0" sequenceCoverage="100" branchCoverage="100" isConstructor="True" isGetter="False" isSetter="False" isStatic="True">
              <Summary numSequencePoints="3" visitedSequencePoints="3" numBranchPoints="0" visitedBranchPoints="0" sequenceCoverage="100" branchCoverage="100" maxCyclomaticComplexity="1" minCyclomaticComplexity="1" visitedClasses="0" numClasses="0" visitedMethods="1" numMethods="1" />
              <MetadataToken />
              <Name>System.Void Nzr.Orm.Core.Attributes.ForeignKeyAttribute::.ctor(Nzr.Orm.Core.Attributes.ForeignKeyAttribute/JoinType,System.String)</Name>
              <FileRef uid="25" />
              <SequencePoints>
                <SequencePoint vc="963" uspid="59" ordinal="0" sl="59" sc="1" el="59" ec="2" bec="0" bev="0" fileid="25" />
                <SequencePoint vc="963" uspid="60" ordinal="1" sl="60" sc="1" el="60" ec="2" bec="0" bev="0" fileid="25" />
                <SequencePoint vc="963" uspid="62" ordinal="2" sl="62" sc="1" el="62" ec="2" bec="0" bev="0" fileid="25" />
              </SequencePoints>
              <BranchPoints />
              <MethodPoint vc="3" uspid="0" p8:type="SequencePoint" ordinal="3" offset="3" sc="0" sl="59" ec="1" el="62" bec="0" bev="0" fileid="25" xmlns:p8="xsi" />
            </Method>
          </Methods>
        </Class>
        <Class>
          <Summary numSequencePoints="2" visitedSequencePoints="2" numBranchPoints="0" visitedBranchPoints="0" sequenceCoverage="100" branchCoverage="100" maxCyclomaticComplexity="1" minCyclomaticComplexity="1" visitedClasses="1" numClasses="1" visitedMethods="2" numMethods="2" />
          <FullName>Nzr.Orm.Core.Attributes.KeyAttribute</FullName>
          <Methods>
            <Method cyclomaticComplexity="1" nPathComplexity="0" sequenceCoverage="100" branchCoverage="100" isConstructor="False" isGetter="True" isSetter="False" isStatic="True">
              <Summary numSequencePoints="1" visitedSequencePoints="1" numBranchPoints="0" visitedBranchPoints="0" sequenceCoverage="100" branchCoverage="100" maxCyclomaticComplexity="1" minCyclomaticComplexity="1" visitedClasses="0" numClasses="0" visitedMethods="1" numMethods="1" />
              <MetadataToken />
              <Name>System.Boolean Nzr.Orm.Core.Attributes.KeyAttribute::get_AutoGenerated()</Name>
              <FileRef uid="26" />
              <SequencePoints>
                <SequencePoint vc="66" uspid="14" ordinal="0" sl="14" sc="1" el="14" ec="2" bec="0" bev="0" fileid="26" />
              </SequencePoints>
              <BranchPoints />
              <MethodPoint vc="1" uspid="0" p8:type="SequencePoint" ordinal="0" offset="0" sc="0" sl="14" ec="1" el="14" bec="0" bev="0" fileid="26" xmlns:p8="xsi" />
            </Method>
            <Method cyclomaticComplexity="1" nPathComplexity="0" sequenceCoverage="100" branchCoverage="100" isConstructor="True" isGetter="False" isSetter="False" isStatic="True">
              <Summary numSequencePoints="1" visitedSequencePoints="1" numBranchPoints="0" visitedBranchPoints="0" sequenceCoverage="100" branchCoverage="100" maxCyclomaticComplexity="1" minCyclomaticComplexity="1" visitedClasses="0" numClasses="0" visitedMethods="1" numMethods="1" />
              <MetadataToken />
              <Name>System.Void Nzr.Orm.Core.Attributes.KeyAttribute::.ctor(System.String,System.Boolean)</Name>
              <FileRef uid="26" />
              <SequencePoints>
                <SequencePoint vc="674" uspid="21" ordinal="0" sl="21" sc="1" el="21" ec="2" bec="0" bev="0" fileid="26" />
              </SequencePoints>
              <BranchPoints />
              <MethodPoint vc="1" uspid="0" p8:type="SequencePoint" ordinal="1" offset="1" sc="0" sl="21" ec="1" el="21" bec="0" bev="0" fileid="26" xmlns:p8="xsi" />
            </Method>
          </Methods>
        </Class>
        <Class>
          <Summary numSequencePoints="2" visitedSequencePoints="2" numBranchPoints="0" visitedBranchPoints="0" sequenceCoverage="100" branchCoverage="100" maxCyclomaticComplexity="1" minCyclomaticComplexity="1" visitedClasses="1" numClasses="1" visitedMethods="2" numMethods="2" />
          <FullName>Nzr.Orm.Core.Attributes.TableAttribute</FullName>
          <Methods>
            <Method cyclomaticComplexity="1" nPathComplexity="0" sequenceCoverage="100" branchCoverage="100" isConstructor="False" isGetter="True" isSetter="False" isStatic="True">
              <Summary numSequencePoints="1" visitedSequencePoints="1" numBranchPoints="0" visitedBranchPoints="0" sequenceCoverage="100" branchCoverage="100" maxCyclomaticComplexity="1" minCyclomaticComplexity="1" visitedClasses="0" numClasses="0" visitedMethods="1" numMethods="1" />
              <MetadataToken />
              <Name>System.String Nzr.Orm.Core.Attributes.TableAttribute::get_Schema()</Name>
              <FileRef uid="27" />
              <SequencePoints>
                <SequencePoint vc="3604" uspid="14" ordinal="0" sl="14" sc="1" el="14" ec="2" bec="0" bev="0" fileid="27" />
              </SequencePoints>
              <BranchPoints />
              <MethodPoint vc="1" uspid="0" p8:type="SequencePoint" ordinal="0" offset="0" sc="0" sl="14" ec="1" el="14" bec="0" bev="0" fileid="27" xmlns:p8="xsi" />
            </Method>
            <Method cyclomaticComplexity="1" nPathComplexity="0" sequenceCoverage="100" branchCoverage="100" isConstructor="True" isGetter="False" isSetter="False" isStatic="True">
              <Summary numSequencePoints="1" visitedSequencePoints="1" numBranchPoints="0" visitedBranchPoints="0" sequenceCoverage="100" branchCoverage="100" maxCyclomaticComplexity="1" minCyclomaticComplexity="1" visitedClasses="0" numClasses="0" visitedMethods="1" numMethods="1" />
              <MetadataToken />
              <Name>System.Void Nzr.Orm.Core.Attributes.TableAttribute::.ctor(System.String,System.String)</Name>
              <FileRef uid="27" />
              <SequencePoints>
                <SequencePoint vc="3604" uspid="21" ordinal="0" sl="21" sc="1" el="21" ec="2" bec="0" bev="0" fileid="27" />
              </SequencePoints>
              <BranchPoints />
              <MethodPoint vc="1" uspid="0" p8:type="SequencePoint" ordinal="1" offset="1" sc="0" sl="21" ec="1" el="21" bec="0" bev="0" fileid="27" xmlns:p8="xsi" />
            </Method>
          </Methods>
        </Class>
      </Classes>
    </Module>
  </Modules>
</CoverageSession>